\BOOKMARK [0][-]{chapter*.1}{\376\377\000F\000\366\000r\000o\000r\000d}{}% 1
\BOOKMARK [0][-]{chapter*.2}{\376\377\000I\000n\000n\000a\000n\000\040\000d\000u\000\040\000b\000\366\000r\000j\000a\000r}{}% 2
\BOOKMARK [0][-]{chapter.1}{\376\377\000G\000r\000u\000n\000d\000l\000\344\000g\000g\000a\000n\000d\000e\000\040\000E\000l\000e\000k\000t\000r\000o\000n\000i\000k}{}% 3
\BOOKMARK [1][-]{section.1.1}{\376\377\000E\000l\000e\000k\000t\000r\000i\000s\000k\000\040\000s\000t\000r\000\366\000m\000\040\000o\000c\000h\000\040\000s\000p\000\344\000n\000n\000i\000n\000g}{chapter.1}% 4
\BOOKMARK [2][-]{subsection.1.1.1}{\376\377\000S\000t\000r\000\366\000m\000\040\040\023\000\040\000A\000m\000p\000e\000r\000e\000\040\000\050\000A\000\051}{section.1.1}% 5
\BOOKMARK [2][-]{subsection.1.1.2}{\376\377\000S\000p\000\344\000n\000n\000i\000n\000g\000\040\040\023\000\040\000V\000o\000l\000t\000\040\000\050\000V\000\051}{section.1.1}% 6
\BOOKMARK [2][-]{subsection.1.1.3}{\376\377\000L\000i\000k\000s\000t\000r\000\366\000m\000\040\000\050\000D\000C\000\051\000\040\000o\000c\000h\000\040\000v\000\344\000x\000e\000l\000s\000t\000r\000\366\000m\000\040\000\050\000A\000C\000\051}{section.1.1}% 7
\BOOKMARK [1][-]{section.1.2}{\376\377\000R\000e\000s\000i\000s\000t\000a\000n\000s\000\040\000o\000c\000h\000\040\000O\000h\000m\000s\000\040\000l\000a\000g}{chapter.1}% 8
\BOOKMARK [2][-]{subsection.1.2.1}{\376\377\000O\000h\000m\000s\000\040\000l\000a\000g\000\040\040\023\000\040\000g\000r\000u\000n\000d\000f\000o\000r\000m\000e\000l\000n}{section.1.2}% 9
\BOOKMARK [2][-]{subsection.1.2.2}{\376\377\000M\000a\000t\000e\000r\000i\000a\000l\000\040\000o\000c\000h\000\040\000r\000e\000s\000i\000s\000t\000i\000v\000i\000t\000e\000t}{section.1.2}% 10
\BOOKMARK [1][-]{section.1.3}{\376\377\000E\000f\000f\000e\000k\000t\000\040\000o\000c\000h\000\040\000e\000n\000e\000r\000g\000i}{chapter.1}% 11
\BOOKMARK [2][-]{subsection.1.3.1}{\376\377\000D\000e\000\040\000t\000r\000e\000\040\000e\000f\000f\000e\000k\000t\000f\000o\000r\000m\000l\000e\000r\000n\000a}{section.1.3}% 12
\BOOKMARK [2][-]{subsection.1.3.2}{\376\377\000D\000e\000c\000i\000b\000e\000l\000\040\000\050\000d\000B\000\051}{section.1.3}% 13
\BOOKMARK [2][-]{subsection.1.3.3}{\376\377\000V\000e\000r\000k\000n\000i\000n\000g\000s\000g\000r\000a\000d}{section.1.3}% 14
\BOOKMARK [1][-]{section.1.4}{\376\377\000K\000o\000n\000d\000e\000n\000s\000a\000t\000o\000r\000e\000r}{chapter.1}% 15
\BOOKMARK [2][-]{subsection.1.4.1}{\376\377\000K\000a\000p\000a\000c\000i\000t\000a\000n\000s}{section.1.4}% 16
\BOOKMARK [2][-]{subsection.1.4.2}{\376\377\000K\000a\000p\000a\000c\000i\000t\000i\000v\000\040\000r\000e\000a\000k\000t\000a\000n\000s}{section.1.4}% 17
\BOOKMARK [2][-]{subsection.1.4.3}{\376\377\000K\000o\000n\000d\000e\000n\000s\000a\000t\000o\000r\000t\000y\000p\000e\000r}{section.1.4}% 18
\BOOKMARK [2][-]{subsection.1.4.4}{\376\377\000T\000i\000d\000s\000k\000o\000n\000s\000t\000a\000n\000t}{section.1.4}% 19
\BOOKMARK [1][-]{section.1.5}{\376\377\000S\000p\000o\000l\000a\000r\000\040\000o\000c\000h\000\040\000i\000n\000d\000u\000k\000t\000a\000n\000s}{chapter.1}% 20
\BOOKMARK [2][-]{subsection.1.5.1}{\376\377\000I\000n\000d\000u\000k\000t\000a\000n\000s}{section.1.5}% 21
\BOOKMARK [2][-]{subsection.1.5.2}{\376\377\000I\000n\000d\000u\000k\000t\000i\000v\000\040\000r\000e\000a\000k\000t\000a\000n\000s}{section.1.5}% 22
\BOOKMARK [2][-]{subsection.1.5.3}{\376\377\000K\000o\000n\000d\000e\000n\000s\000a\000t\000o\000r\000\040\000v\000s\000\040\000S\000p\000o\000l\000e\000\040\040\023\000\040\000f\000u\000l\000l\000s\000t\000\344\000n\000d\000i\000g\000a\000\040\000m\000o\000t\000s\000a\000t\000s\000e\000r}{section.1.5}% 23
\BOOKMARK [2][-]{subsection.1.5.4}{\376\377\000S\000p\000o\000l\000t\000y\000p\000e\000r}{section.1.5}% 24
\BOOKMARK [2][-]{subsection.1.5.5}{\376\377\000T\000i\000d\000s\000k\000o\000n\000s\000t\000a\000n\000t}{section.1.5}% 25
\BOOKMARK [1][-]{section.1.6}{\376\377\000S\000e\000r\000i\000e\000-\000\040\000o\000c\000h\000\040\000p\000a\000r\000a\000l\000l\000e\000l\000l\000k\000o\000p\000p\000l\000i\000n\000g}{chapter.1}% 26
\BOOKMARK [2][-]{subsection.1.6.1}{\376\377\000S\000e\000r\000i\000e\000k\000o\000p\000p\000l\000i\000n\000g}{section.1.6}% 27
\BOOKMARK [2][-]{subsection.1.6.2}{\376\377\000P\000a\000r\000a\000l\000l\000e\000l\000l\000k\000o\000p\000p\000l\000i\000n\000g}{section.1.6}% 28
\BOOKMARK [2][-]{subsection.1.6.3}{\376\377\000K\000i\000r\000c\000h\000h\000o\000f\000f\000s\000\040\000l\000a\000g\000a\000r}{section.1.6}% 29
\BOOKMARK [2][-]{subsection.1.6.4}{\376\377\000O\000m\000v\000\344\000n\000d\000a\000\040\000r\000e\000g\000l\000e\000r\000\040\000f\000\366\000r\000\040\000k\000o\000n\000d\000e\000n\000s\000a\000t\000o\000r\000e\000r\000\040\000o\000c\000h\000\040\000s\000p\000o\000l\000a\000r}{section.1.6}% 30
\BOOKMARK [1][-]{section.1.7}{\376\377\000V\000\344\000x\000e\000l\000s\000t\000r\000\366\000m\000\040\000o\000c\000h\000\040\000i\000m\000p\000e\000d\000a\000n\000s}{chapter.1}% 31
\BOOKMARK [2][-]{subsection.1.7.1}{\376\377\000F\000r\000e\000k\000v\000e\000n\000s\000\040\000o\000c\000h\000\040\000p\000e\000r\000i\000o\000d}{section.1.7}% 32
\BOOKMARK [2][-]{subsection.1.7.2}{\376\377\000E\000f\000f\000e\000k\000t\000i\000v\000v\000\344\000r\000d\000e\000\040\000\050\000R\000M\000S\000\051}{section.1.7}% 33
\BOOKMARK [2][-]{subsection.1.7.3}{\376\377\000I\000m\000p\000e\000d\000a\000n\000s}{section.1.7}% 34
\BOOKMARK [2][-]{subsection.1.7.4}{\376\377\000R\000e\000s\000o\000n\000a\000n\000s}{section.1.7}% 35
\BOOKMARK [2][-]{subsection.1.7.5}{\376\377\000F\000a\000s\000f\000\366\000r\000s\000k\000j\000u\000t\000n\000i\000n\000g\000\040\040\023\000\040\000E\000L\000I\000\040\000t\000h\000e\000\040\000I\000C\000E\000\040\000m\000a\000n}{section.1.7}% 36
\BOOKMARK [2][-]{subsection.1.7.6}{\376\377\000S\000t\000a\000n\000d\000a\000r\000d\000-\000i\000m\000p\000e\000d\000a\000n\000s\000e\000r\000\040\000o\000c\000h\000\040\000v\000a\000r\000f\000\366\000r\000\040\000j\000u\000s\000t\000\040\0005\0000}{section.1.7}% 37
\BOOKMARK [2][-]{subsection.1.7.7}{\376\377\000S\000k\000i\000n\000e\000f\000f\000e\000k\000t}{section.1.7}% 38
\BOOKMARK [2][-]{subsection.1.7.8}{\376\377\000S\000W\000R\000\040\040\023\000\040\000S\000t\000a\000n\000d\000i\000n\000g\000\040\000W\000a\000v\000e\000\040\000R\000a\000t\000i\000o}{section.1.7}% 39
\BOOKMARK [1][-]{section.1.8}{\376\377\000F\000i\000l\000t\000e\000r\000\040\000o\000c\000h\000\040\000r\000e\000s\000o\000n\000a\000n\000s\000k\000r\000e\000t\000s\000a\000r}{chapter.1}% 40
\BOOKMARK [2][-]{subsection.1.8.1}{\376\377\000F\000i\000l\000t\000e\000r\000t\000y\000p\000e\000r}{section.1.8}% 41
\BOOKMARK [2][-]{subsection.1.8.2}{\376\377\000R\000e\000s\000o\000n\000a\000n\000s\000f\000r\000e\000k\000v\000e\000n\000s}{section.1.8}% 42
\BOOKMARK [2][-]{subsection.1.8.3}{\376\377\000Q\000-\000v\000\344\000r\000d\000e}{section.1.8}% 43
\BOOKMARK [2][-]{subsection.1.8.4}{\376\377\000P\000i\000-\000f\000i\000l\000t\000r\000e\000t}{section.1.8}% 44
\BOOKMARK [1][-]{section.1.9}{\376\377\000H\000a\000l\000v\000l\000e\000d\000a\000r\000e\000\040\000o\000c\000h\000\040\000t\000r\000a\000n\000s\000i\000s\000t\000o\000r\000n}{chapter.1}% 45
\BOOKMARK [2][-]{subsection.1.9.1}{\376\377\000H\000a\000l\000v\000l\000e\000d\000a\000r\000m\000a\000t\000e\000r\000i\000a\000l\000\040\040\023\000\040\000v\000a\000d\000\040\000s\000k\000i\000l\000j\000e\000r\000\040\000e\000n\000\040\000l\000e\000d\000a\000r\000e\000\040\000f\000r\000\345\000n\000\040\000e\000n\000\040\000i\000s\000o\000l\000a\000t\000o\000r\000?}{section.1.9}% 46
\BOOKMARK [2][-]{subsection.1.9.2}{\376\377\000D\000i\000o\000d\000e\000n\000\040\040\023\000\040\000s\000t\000r\000\366\000m\000m\000e\000n\000\040\000f\000\345\000r\000\040\000b\000a\000r\000a\000\040\000g\000\345\000\040\000e\000n\000\040\000v\000\344\000g}{section.1.9}% 47
\BOOKMARK [2][-]{subsection.1.9.3}{\376\377\000T\000r\000a\000n\000s\000i\000s\000t\000o\000r\000n\000\040\040\023\000\040\000d\000e\000n\000\040\000a\000k\000t\000i\000v\000a\000\040\000k\000o\000m\000p\000o\000n\000e\000n\000t\000e\000n}{section.1.9}% 48
\BOOKMARK [2][-]{subsection.1.9.4}{\376\377\000T\000r\000a\000n\000s\000i\000s\000t\000o\000r\000n\000\040\000s\000o\000m\000\040\000f\000\366\000r\000s\000t\000\344\000r\000k\000a\000r\000e}{section.1.9}% 49
\BOOKMARK [2][-]{subsection.1.9.5}{\376\377\000T\000r\000a\000n\000s\000i\000s\000t\000o\000r\000n\000\040\000s\000o\000m\000\040\000s\000w\000i\000t\000c\000h}{section.1.9}% 50
\BOOKMARK [2][-]{subsection.1.9.6}{\376\377\000T\000r\000a\000n\000s\000i\000s\000t\000o\000r\000t\000y\000p\000e\000r\000\040\040\023\000\040\000B\000J\000T\000\040\000o\000c\000h\000\040\000F\000E\000T}{section.1.9}% 51
\BOOKMARK [1][-]{subsection.1.9.6}{\376\377\000G\000r\000u\000n\000d\000e\000n\000\040\000\344\000r\000\040\000l\000a\000g\000d}{chapter.1}% 52
\BOOKMARK [0][-]{chapter*.4}{\376\377\000F\000a\000c\000i\000t\000\040\040\023\000\040\000K\000a\000p\000i\000t\000e\000l\000\040\0001}{}% 53
\BOOKMARK [0][-]{chapter.2}{\376\377\000R\000a\000d\000i\000o\000t\000e\000k\000n\000i\000k}{}% 54
\BOOKMARK [1][-]{section.2.1}{\376\377\000V\000a\000d\000\040\000\344\000r\000\040\000e\000n\000\040\000r\000a\000d\000i\000o\000v\000\345\000g\000?}{chapter.2}% 55
\BOOKMARK [2][-]{subsection.2.1.1}{\376\377\000E\000l\000e\000k\000t\000r\000o\000m\000a\000g\000n\000e\000t\000i\000s\000k\000a\000\040\000v\000\345\000g\000o\000r\000\040\040\023\000\040\000l\000j\000u\000s\000\040\000o\000c\000h\000\040\000r\000a\000d\000i\000o\000\040\000\344\000r\000\040\000s\000l\000\344\000k\000t\000i\000n\000g\000a\000r}{section.2.1}% 56
\BOOKMARK [2][-]{subsection.2.1.2}{\376\377\000F\000r\000e\000k\000v\000e\000n\000s\000\040\000o\000c\000h\000\040\000v\000\345\000g\000l\000\344\000n\000g\000d\000\040\040\023\000\040\000s\000a\000m\000b\000a\000n\000d\000e\000t\000\040\000=\000\040\000c\000/\000f}{section.2.1}% 57
\BOOKMARK [2][-]{subsection.2.1.3}{\376\377\000F\000r\000e\000k\000v\000e\000n\000s\000s\000p\000e\000k\000t\000r\000u\000m\000\040\000o\000c\000h\000\040\000a\000m\000a\000t\000\366\000r\000b\000a\000n\000d}{section.2.1}% 58
\BOOKMARK [1][-]{section.2.2}{\376\377\000M\000o\000d\000u\000l\000e\000r\000i\000n\000g\000\040\040\023\000\040\000a\000t\000t\000\040\000p\000a\000c\000k\000a\000\040\000i\000n\000f\000o\000r\000m\000a\000t\000i\000o\000n\000\040\000i\000\040\000e\000n\000\040\000v\000\345\000g}{chapter.2}% 59
\BOOKMARK [2][-]{subsection.2.2.1}{\376\377\000B\000\344\000r\000f\000r\000e\000k\000v\000e\000n\000s\000e\000n\000\040\040\023\000\040\000s\000t\000o\000m\000m\000e\000n\000\040\000s\000o\000m\000\040\000a\000l\000l\000t\000\040\000h\000\344\000n\000g\000e\000r\000\040\000p\000\345}{section.2.2}% 60
\BOOKMARK [2][-]{subsection.2.2.2}{\376\377\000A\000m\000p\000l\000i\000t\000u\000d\000m\000o\000d\000u\000l\000e\000r\000i\000n\000g\000\040\000\050\000A\000M\000\051}{section.2.2}% 61
\BOOKMARK [2][-]{subsection.2.2.3}{\376\377\000F\000r\000e\000k\000v\000e\000n\000s\000m\000o\000d\000u\000l\000e\000r\000i\000n\000g\000\040\000\050\000F\000M\000\051}{section.2.2}% 62
\BOOKMARK [2][-]{subsection.2.2.4}{\376\377\000E\000n\000k\000e\000l\000s\000i\000d\000e\000b\000a\000n\000d\000s\000s\000\344\000n\000d\000n\000i\000n\000g\000\040\000\050\000S\000S\000B\000\051}{section.2.2}% 63
\BOOKMARK [2][-]{subsection.2.2.5}{\376\377\000D\000i\000g\000i\000t\000a\000l\000a\000\040\000s\000\344\000n\000d\000n\000i\000n\000g\000s\000s\000l\000a\000g\000\040\040\023\000\040\000C\000W\000,\000\040\000R\000T\000T\000Y\000,\000\040\000F\000T\0008}{section.2.2}% 64
\BOOKMARK [1][-]{section.2.3}{\376\377\000S\000\344\000n\000d\000a\000r\000e\000n}{chapter.2}% 65
\BOOKMARK [2][-]{subsection.2.3.1}{\376\377\000O\000s\000c\000i\000l\000l\000a\000t\000o\000r\000n\000\040\040\023\000\040\000h\000j\000\344\000r\000t\000a\000t\000\040\000s\000o\000m\000\040\000s\000k\000a\000p\000a\000r\000\040\000f\000r\000e\000k\000v\000e\000n\000s\000e\000n}{section.2.3}% 66
\BOOKMARK [2][-]{subsection.2.3.2}{\376\377\000F\000\366\000r\000s\000t\000\344\000r\000k\000a\000r\000s\000t\000e\000g}{section.2.3}% 67
\BOOKMARK [2][-]{subsection.2.3.3}{\376\377\000P\000L\000L\000\040\000o\000c\000h\000\040\000f\000r\000e\000k\000v\000e\000n\000s\000s\000y\000n\000t\000e\000s}{section.2.3}% 68
\BOOKMARK [2][-]{subsection.2.3.4}{\376\377\000S\000\344\000n\000d\000a\000r\000s\000k\000e\000d\000j\000a\000n\000s\000\040\000b\000l\000o\000c\000k\000s\000c\000h\000e\000m\000a}{section.2.3}% 69
\BOOKMARK [1][-]{section.2.4}{\376\377\000M\000o\000t\000t\000a\000g\000a\000r\000e\000n}{chapter.2}% 70
\BOOKMARK [2][-]{subsection.2.4.1}{\376\377\000S\000e\000l\000e\000k\000t\000i\000v\000i\000t\000e\000t\000\040\040\023\000\040\000a\000t\000t\000\040\000h\000i\000t\000t\000a\000\040\000e\000n\000\040\000r\000\366\000s\000t\000\040\000i\000\040\000e\000t\000t\000\040\000k\000a\000k\000o\000f\000o\000n\000i}{section.2.4}% 71
\BOOKMARK [2][-]{subsection.2.4.2}{\376\377\000S\000u\000p\000e\000r\000h\000e\000t\000e\000r\000o\000d\000y\000n\000p\000r\000i\000n\000c\000i\000p\000e\000n}{section.2.4}% 72
\BOOKMARK [2][-]{subsection.2.4.3}{\376\377\000K\000\344\000n\000s\000l\000i\000g\000h\000e\000t\000\040\000o\000c\000h\000\040\000b\000r\000u\000s}{section.2.4}% 73
\BOOKMARK [2][-]{subsection.2.4.4}{\376\377\000M\000o\000t\000t\000a\000g\000a\000r\000s\000k\000e\000d\000j\000a\000n\000s\000\040\000b\000l\000o\000c\000k\000s\000c\000h\000e\000m\000a}{section.2.4}% 74
\BOOKMARK [1][-]{section.2.5}{\376\377\000S\000\344\000n\000d\000t\000a\000g\000a\000r\000e\000n\000\040\040\023\000\040\000t\000r\000a\000n\000s\000c\000e\000i\000v\000e\000r\000n}{chapter.2}% 75
\BOOKMARK [2][-]{subsection.2.5.1}{\376\377\000H\000u\000r\000\040\000s\000\344\000n\000d\000a\000r\000e\000\040\000o\000c\000h\000\040\000m\000o\000t\000t\000a\000g\000a\000r\000e\000\040\000d\000e\000l\000a\000r\000\040\000k\000o\000m\000p\000o\000n\000e\000n\000t\000e\000r}{section.2.5}% 76
\BOOKMARK [2][-]{subsection.2.5.2}{\376\377\000D\000u\000p\000l\000e\000x\000e\000r\000\040\000o\000c\000h\000\040\000V\000O\000X}{section.2.5}% 77
\BOOKMARK [1][-]{subsection.2.5.2}{\376\377\000S\000i\000g\000n\000a\000l\000e\000n\000\040\000l\000e\000v\000e\000r}{chapter.2}% 78
\BOOKMARK [0][-]{chapter*.5}{\376\377\000F\000a\000c\000i\000t\000\040\040\023\000\040\000K\000a\000p\000i\000t\000e\000l\000\040\0002}{}% 79
\BOOKMARK [0][-]{chapter.3}{\376\377\000A\000n\000t\000e\000n\000n\000e\000r}{}% 80
\BOOKMARK [0][-]{chapter.4}{\376\377\000V\000\345\000g\000u\000t\000b\000r\000e\000d\000n\000i\000n\000g}{}% 81
\BOOKMARK [0][-]{chapter.5}{\376\377\000M\000\344\000t\000i\000n\000s\000t\000r\000u\000m\000e\000n\000t}{}% 82
\BOOKMARK [0][-]{chapter.6}{\376\377\000S\000t\000\366\000r\000n\000i\000n\000g\000a\000r}{}% 83
\BOOKMARK [0][-]{chapter.7}{\376\377\000R\000e\000g\000l\000e\000r\000\040\000o\000c\000h\000\040\000b\000e\000s\000t\000\344\000m\000m\000e\000l\000s\000e\000r}{}% 84
\BOOKMARK [0][-]{chapter.8}{\376\377\000T\000r\000a\000f\000i\000k\000m\000e\000t\000o\000d\000e\000r}{}% 85
\BOOKMARK [0][-]{chapter.9}{\376\377\000S\000\344\000k\000e\000r\000h\000e\000t}{}% 86
\BOOKMARK [0][-]{chapter.10}{\376\377\000P\000r\000a\000k\000t\000i\000s\000k\000\040\000t\000r\000a\000f\000i\000k}{}% 87
