This is XeTeX, Version 3.141592653-2.6-0.999997 (TeX Live 2025) (preloaded format=xelatex 2026.2.24)  4 MAR 2026 06:55
entering extended mode
 restricted \write18 enabled.
 file:line:error style messages enabled.
 %&-line parsing enabled.
**c:/Users/denni/Documents/GitHub/signalexam/pages/pdf/Certifikationshandboken
(c:/Users/denni/Documents/GitHub/signalexam/pages/pdf/Certifikationshandboken.tex
LaTeX2e <2025-11-01>
L3 programming layer <2026-01-19>
(c:/texlive/2025/texmf-dist/tex/latex/base/book.cls
Document Class: book 2025/01/22 v1.4n Standard LaTeX document class
(c:/texlive/2025/texmf-dist/tex/latex/base/bk11.clo
File: bk11.clo 2025/01/22 v1.4n Standard LaTeX file (size option)
)
\c@part=\count271
\c@chapter=\count272
\c@section=\count273
\c@subsection=\count274
\c@subsubsection=\count275
\c@paragraph=\count276
\c@subparagraph=\count277
\c@figure=\count278
\c@table=\count279
\abovecaptionskip=\skip49
\belowcaptionskip=\skip50
\bibindent=\dimen148
) (c:/texlive/2025/texmf-dist/tex/latex/fontspec/fontspec.sty (c:/texlive/2025/texmf-dist/tex/latex/l3packages/xparse/xparse.sty (c:/texlive/2025/texmf-dist/tex/latex/l3kernel/expl3.sty
Package: expl3 2026-01-19 L3 programming layer (loader) 
 (c:/texlive/2025/texmf-dist/tex/latex/l3backend/l3backend-xetex.def
File: l3backend-xetex.def 2025-10-09 L3 backend support: XeTeX
\g__graphics_track_int=\count280
\g__pdfannot_backend_int=\count281
\g__pdfannot_backend_link_int=\count282
))
Package: xparse 2025-10-09 L3 Experimental document command parser
)
Package: fontspec 2025/09/29 v2.9g Font selection for XeLaTeX and LuaLaTeX
 (c:/texlive/2025/texmf-dist/tex/latex/fontspec/fontspec-xetex.sty
Package: fontspec-xetex 2025/09/29 v2.9g Font selection for XeLaTeX and LuaLaTeX
\l__fontspec_script_int=\count283
\l__fontspec_language_int=\count284
\l__fontspec_strnum_int=\count285
\l__fontspec_tmp_int=\count286
\l__fontspec_tmpa_int=\count287
\l__fontspec_tmpb_int=\count288
\l__fontspec_tmpc_int=\count289
\l__fontspec_em_int=\count290
\l__fontspec_emdef_int=\count291
\l__fontspec_strong_int=\count292
\l__fontspec_strongdef_int=\count293
\l__fontspec_tmpa_dim=\dimen149
\l__fontspec_tmpb_dim=\dimen150
\l__fontspec_tmpc_dim=\dimen151
 (c:/texlive/2025/texmf-dist/tex/latex/base/fontenc.sty
Package: fontenc 2025/07/18 v2.1d Standard LaTeX package
) (c:/texlive/2025/texmf-dist/tex/latex/fontspec/fontspec.cfg))) (c:/texlive/2025/texmf-dist/tex/latex/polyglossia/polyglossia.sty
Package: polyglossia 2025/12/01 v2.9 Modern multilingual typesetting with XeLaTeX and LuaLaTeX
 (c:/texlive/2025/texmf-dist/tex/latex/etoolbox/etoolbox.sty
Package: etoolbox 2025/10/02 v2.5m e-TeX tools for LaTeX (JAW)
\etb@tempcnta=\count294
) (c:/texlive/2025/texmf-dist/tex/generic/iftex/iftex.sty
Package: iftex 2024/12/12 v1.0g TeX engine tests
)
\l_xpg_alias_keyvals_int=\count295
 (c:/texlive/2025/texmf-dist/tex/latex/polyglossia/gloss-latex.ldf
File: gloss-latex.ldf polyglossia: module for default language
)) (c:/texlive/2025/texmf-dist/tex/latex/polyglossia/gloss-swedish.ldf
File: gloss-swedish.ldf polyglossia: module for Swedish
)

Package polyglossia Info: Default language is swedish


Package fontspec Info: 
(fontspec)             Font family 'SourceSerif4(0)' created for font 'Source
(fontspec)             Serif 4' with options [Ligatures=TeX,BoldFont = Source
(fontspec)             Serif 4 SemiBold,ItalicFont = Source Serif 4 Italic].
(fontspec)              
(fontspec)              This font family consists of the following NFSS
(fontspec)             series/shapes:
(fontspec)              
(fontspec)             - 'normal' (m/n) with NFSS spec.: <->"Source Serif
(fontspec)             4/OT:script=latn;language=dflt;mapping=tex-text;"
(fontspec)             - 'small caps'  (m/sc) with NFSS spec.: <->"Source
(fontspec)             Serif
(fontspec)             4/OT:script=latn;language=dflt;+smcp;mapping=tex-text;"
(fontspec)             - 'bold' (b/n) with NFSS spec.: <->"Source Serif 4
(fontspec)             SemiBold/OT:script=latn;language=dflt;mapping=tex-text;"
(fontspec)             - 'bold small caps'  (b/sc) with NFSS spec.: <->"Source
(fontspec)             Serif 4
(fontspec)             SemiBold/OT:script=latn;language=dflt;+smcp;mapping=tex-text;"
(fontspec)             - 'italic' (m/it) with NFSS spec.: <->"Source Serif 4
(fontspec)             Italic/OT:script=latn;language=dflt;mapping=tex-text;"
(fontspec)             - 'bold italic' (b/it) with NFSS spec.: <->"Source
(fontspec)             Serif 4
(fontspec)             Italic/B/OT:script=latn;language=dflt;mapping=tex-text;"


Package fontspec Info: 
(fontspec)             Could not resolve font "Oswald Bold/I" (it probably
(fontspec)             doesn't exist).


Package fontspec Info: 
(fontspec)             Could not resolve font "Oswald Regular/I" (it probably
(fontspec)             doesn't exist).


Package fontspec Info: 
(fontspec)             Font family 'Oswald(0)' created for font 'Oswald' with
(fontspec)             options [BoldFont = Oswald Bold,UprightFont = Oswald
(fontspec)             Regular].
(fontspec)              
(fontspec)              This font family consists of the following NFSS
(fontspec)             series/shapes:
(fontspec)              
(fontspec)             - 'normal' (m/n) with NFSS spec.: <->"Oswald
(fontspec)             Regular/OT:script=latn;language=dflt;"
(fontspec)             - 'bold' (b/n) with NFSS spec.: <->"Oswald
(fontspec)             Bold/OT:script=latn;language=dflt;"
(fontspec)             - 'bold italic' (b/it) with NFSS spec.: <->"Oswald
(fontspec)             Regular/BI/OT:script=latn;language=dflt;"


Package fontspec Info: 
(fontspec)             Font family 'IBMPlexMono(0)' created for font 'IBM Plex
(fontspec)             Mono' with options [].
(fontspec)              
(fontspec)              This font family consists of the following NFSS
(fontspec)             series/shapes:
(fontspec)              
(fontspec)             - 'normal' (m/n) with NFSS spec.: <->"IBM Plex
(fontspec)             Mono/OT:script=latn;language=dflt;"
(fontspec)             - 'bold' (b/n) with NFSS spec.: <->"IBM Plex
(fontspec)             Mono/B/OT:script=latn;language=dflt;"
(fontspec)             - 'italic' (m/it) with NFSS spec.: <->"IBM Plex
(fontspec)             Mono/I/OT:script=latn;language=dflt;"
(fontspec)             - 'bold italic' (b/it) with NFSS spec.: <->"IBM Plex
(fontspec)             Mono/BI/OT:script=latn;language=dflt;"


Package fontspec Info: 
(fontspec)             Could not resolve font "Segoe UI Emoji/BI" (it probably
(fontspec)             doesn't exist).


Package fontspec Info: 
(fontspec)             Could not resolve font "Segoe UI Emoji/B" (it probably
(fontspec)             doesn't exist).


Package fontspec Info: 
(fontspec)             Could not resolve font "Segoe UI Emoji/I" (it probably
(fontspec)             doesn't exist).


Package fontspec Info: 
(fontspec)             Font family 'SegoeUIEmoji(0)' created for font 'Segoe
(fontspec)             UI Emoji' with options [].
(fontspec)              
(fontspec)              This font family consists of the following NFSS
(fontspec)             series/shapes:
(fontspec)              
(fontspec)             - 'normal' (m/n) with NFSS spec.: <->"Segoe UI
(fontspec)             Emoji/OT:script=latn;language=dflt;"

 (c:/texlive/2025/texmf-dist/tex/latex/siunitx/siunitx.sty
Package: siunitx 2025-07-09 v3.4.14 A comprehensive (SI) units package
\l__siunitx_number_uncert_offset_int=\count296
\l__siunitx_number_exponent_fixed_int=\count297
\l__siunitx_number_min_decimal_int=\count298
\l__siunitx_number_min_integer_int=\count299
\l__siunitx_number_round_precision_int=\count300
\l__siunitx_number_lower_threshold_int=\count301
\l__siunitx_number_upper_threshold_int=\count302
\l__siunitx_number_group_first_int=\count303
\l__siunitx_number_group_size_int=\count304
\l__siunitx_number_group_minimum_int=\count305
\l__siunitx_angle_tmp_dim=\dimen152
\l__siunitx_angle_marker_box=\box53
\l__siunitx_angle_unit_box=\box54
\l__siunitx_compound_count_int=\count306
 (c:/texlive/2025/texmf-dist/tex/latex/translations/translations.sty
Package: translations 2022/02/05 v1.12 internationalization of LaTeX2e packages (CN)
 (c:/texlive/2025/texmf-dist/tex/generic/pdftexcmds/pdftexcmds.sty
Package: pdftexcmds 2020-06-27 v0.33 Utility functions of pdfTeX for LuaTeX (HO)
 (c:/texlive/2025/texmf-dist/tex/generic/infwarerr/infwarerr.sty
Package: infwarerr 2019/12/03 v1.5 Providing info/warning/error messages (HO)
) (c:/texlive/2025/texmf-dist/tex/generic/ltxcmds/ltxcmds.sty
Package: ltxcmds 2023-12-04 v1.26 LaTeX kernel commands for general use (HO)
)
Package pdftexcmds Info: \pdf@primitive is available.
Package pdftexcmds Info: \pdf@ifprimitive is available.
Package pdftexcmds Info: \pdfdraftmode not found.
)) (c:/texlive/2025/texmf-dist/tex/latex/amsmath/amstext.sty
Package: amstext 2024/11/17 v2.01 AMS text
 (c:/texlive/2025/texmf-dist/tex/latex/amsmath/amsgen.sty
File: amsgen.sty 1999/11/30 v2.0 generic functions
\@emptytoks=\toks17
\ex@=\dimen153
))
\l__siunitx_table_tmp_box=\box55
\l__siunitx_table_tmp_dim=\dimen154
\l__siunitx_table_column_width_dim=\dimen155
\l__siunitx_table_integer_box=\box56
\l__siunitx_table_decimal_box=\box57
\l__siunitx_table_uncert_box=\box58
\l__siunitx_table_before_box=\box59
\l__siunitx_table_after_box=\box60
\l__siunitx_table_before_dim=\dimen156
\l__siunitx_table_carry_dim=\dimen157
\l__siunitx_unit_tmp_int=\count307
\l__siunitx_unit_position_int=\count308
\l__siunitx_unit_total_int=\count309
 (c:/texlive/2025/texmf-dist/tex/latex/tools/array.sty
Package: array 2025/09/25 v2.6n Tabular extension package (FMi)
\col@sep=\dimen158
\ar@mcellbox=\box61
\extrarowheight=\dimen159
\NC@list=\toks18
\extratabsurround=\skip51
\backup@length=\skip52
\ar@cellbox=\box62
)) (c:/texlive/2025/texmf-dist/tex/latex/geometry/geometry.sty
Package: geometry 2020/01/02 v5.9 Page Geometry
 (c:/texlive/2025/texmf-dist/tex/latex/graphics/keyval.sty
Package: keyval 2022/05/29 v1.15 key=value parser (DPC)
\KV@toks@=\toks19
) (c:/texlive/2025/texmf-dist/tex/generic/iftex/ifvtex.sty
Package: ifvtex 2019/10/25 v1.7 ifvtex legacy package. Use iftex instead.
)
\Gm@cnth=\count310
\Gm@cntv=\count311
\c@Gm@tempcnt=\count312
\Gm@bindingoffset=\dimen160
\Gm@wd@mp=\dimen161
\Gm@odd@mp=\dimen162
\Gm@even@mp=\dimen163
\Gm@layoutwidth=\dimen164
\Gm@layoutheight=\dimen165
\Gm@layouthoffset=\dimen166
\Gm@layoutvoffset=\dimen167
\Gm@dimlist=\toks20
) (c:/texlive/2025/texmf-dist/tex/latex/xcolor/xcolor.sty
Package: xcolor 2024/09/29 v3.02 LaTeX color extensions (UK)
 (c:/texlive/2025/texmf-dist/tex/latex/graphics-cfg/color.cfg
File: color.cfg 2016/01/02 v1.6 sample color configuration
)
Package xcolor Info: Driver file: xetex.def on input line 274.
 (c:/texlive/2025/texmf-dist/tex/latex/graphics-def/xetex.def
File: xetex.def 2025/11/01 v5.0p Graphics/color driver for xetex
) (c:/texlive/2025/texmf-dist/tex/latex/graphics/mathcolor.ltx)
Package xcolor Info: Model `cmy' substituted by `cmy0' on input line 1349.
Package xcolor Info: Model `RGB' extended on input line 1365.
Package xcolor Info: Model `HTML' substituted by `rgb' on input line 1367.
Package xcolor Info: Model `Hsb' substituted by `hsb' on input line 1368.
Package xcolor Info: Model `tHsb' substituted by `hsb' on input line 1369.
Package xcolor Info: Model `HSB' substituted by `hsb' on input line 1370.
Package xcolor Info: Model `Gray' substituted by `gray' on input line 1371.
Package xcolor Info: Model `wave' substituted by `hsb' on input line 1372.
) (c:/texlive/2025/texmf-dist/tex/latex/graphics/graphicx.sty
Package: graphicx 2024/12/31 v1.2e Enhanced LaTeX Graphics (DPC,SPQR)
 (c:/texlive/2025/texmf-dist/tex/latex/graphics/graphics.sty
Package: graphics 2024/08/06 v1.4g Standard LaTeX Graphics (DPC,SPQR)
 (c:/texlive/2025/texmf-dist/tex/latex/graphics/trig.sty
Package: trig 2023/12/02 v1.11 sin cos tan (DPC)
) (c:/texlive/2025/texmf-dist/tex/latex/graphics-cfg/graphics.cfg
File: graphics.cfg 2016/06/04 v1.11 sample graphics configuration
)
Package graphics Info: Driver file: xetex.def on input line 106.
)
\Gin@req@height=\dimen168
\Gin@req@width=\dimen169
) (c:/texlive/2025/texmf-dist/tex/latex/booktabs/booktabs.sty
Package: booktabs 2020/01/12 v1.61803398 Publication quality tables
\heavyrulewidth=\dimen170
\lightrulewidth=\dimen171
\cmidrulewidth=\dimen172
\belowrulesep=\dimen173
\belowbottomsep=\dimen174
\aboverulesep=\dimen175
\abovetopsep=\dimen176
\cmidrulesep=\dimen177
\cmidrulekern=\dimen178
\defaultaddspace=\dimen179
\@cmidla=\count313
\@cmidlb=\count314
\@aboverulesep=\dimen180
\@belowrulesep=\dimen181
\@thisruleclass=\count315
\@lastruleclass=\count316
\@thisrulewidth=\dimen182
) (c:/texlive/2025/texmf-dist/tex/latex/tools/tabularx.sty
Package: tabularx 2023/12/11 v2.12a `tabularx' package (DPC)
\TX@col@width=\dimen183
\TX@old@table=\dimen184
\TX@old@col=\dimen185
\TX@target=\dimen186
\TX@delta=\dimen187
\TX@cols=\count317
\TX@ftn=\toks21
) (c:/texlive/2025/texmf-dist/tex/latex/tools/longtable.sty
Package: longtable 2025-10-13 v4.24 Multi-page Table package (DPC)
\LTleft=\skip53
\LTright=\skip54
\LTpre=\skip55
\LTpost=\skip56
\LTchunksize=\count318
\LTcapwidth=\dimen188
\LT@head=\box63
\LT@firsthead=\box64
\LT@foot=\box65
\LT@lastfoot=\box66
\LT@gbox=\box67
\LT@cols=\count319
\LT@rows=\count320
\c@LT@tables=\count321
\c@LT@chunks=\count322
\LT@p@ftn=\toks22
) (c:/texlive/2025/texmf-dist/tex/latex/multirow/multirow.sty
Package: multirow 2024/11/12 v2.9 Span multiple rows of a table
\multirow@colwidth=\skip57
\multirow@cntb=\count323
\multirow@dima=\skip58
\bigstrutjot=\dimen189
) (c:/texlive/2025/texmf-dist/tex/latex/colortbl/colortbl.sty
Package: colortbl 2024/10/29 v1.0k Color table columns (DPC)
\everycr=\toks23
\minrowclearance=\skip59
\rownum=\count324
) (c:/texlive/2025/texmf-dist/tex/latex/csquotes/csquotes.sty
Package: csquotes 2024-04-04 v5.2o context-sensitive quotations (JAW)
\csq@reset=\count325
\csq@gtype=\count326
\csq@glevel=\count327
\csq@qlevel=\count328
\csq@maxlvl=\count329
\csq@tshold=\count330
\csq@ltx@everypar=\toks24
 (c:/texlive/2025/texmf-dist/tex/latex/csquotes/csquotes.def
File: csquotes.def 2024-04-04 v5.2o csquotes generic definitions (JAW)
)
Package csquotes Info: Trying to load configuration file 'csquotes.cfg'...
Package csquotes Info: ... configuration file loaded successfully.
 (c:/texlive/2025/texmf-dist/tex/latex/csquotes/csquotes.cfg
File: csquotes.cfg 
)) (c:/texlive/2025/texmf-dist/tex/latex/tcolorbox/tcolorbox.sty
Package: tcolorbox 2025/11/28 version 6.9.0 text color boxes
 (c:/texlive/2025/texmf-dist/tex/latex/pgf/frontendlayer/tikz.sty (c:/texlive/2025/texmf-dist/tex/latex/pgf/basiclayer/pgf.sty (c:/texlive/2025/texmf-dist/tex/latex/pgf/utilities/pgfrcs.sty (c:/texlive/2025/texmf-dist/tex/generic/pgf/utilities/pgfutil-common.tex
\pgfutil@everybye=\toks25
\pgfutil@tempdima=\dimen190
\pgfutil@tempdimb=\dimen191
) (c:/texlive/2025/texmf-dist/tex/generic/pgf/utilities/pgfutil-latex.def
\pgfutil@abb=\box68
) (c:/texlive/2025/texmf-dist/tex/generic/pgf/utilities/pgfrcs.code.tex (c:/texlive/2025/texmf-dist/tex/generic/pgf/pgf.revision.tex)
Package: pgfrcs 2025-08-29 v3.1.11a (3.1.11a)
))
Package: pgf 2025-08-29 v3.1.11a (3.1.11a)
 (c:/texlive/2025/texmf-dist/tex/latex/pgf/basiclayer/pgfcore.sty (c:/texlive/2025/texmf-dist/tex/latex/pgf/systemlayer/pgfsys.sty (c:/texlive/2025/texmf-dist/tex/generic/pgf/systemlayer/pgfsys.code.tex
Package: pgfsys 2025-08-29 v3.1.11a (3.1.11a)
 (c:/texlive/2025/texmf-dist/tex/generic/pgf/utilities/pgfkeys.code.tex
\pgfkeys@pathtoks=\toks26
\pgfkeys@temptoks=\toks27
 (c:/texlive/2025/texmf-dist/tex/generic/pgf/utilities/pgfkeyslibraryfiltered.code.tex
\pgfkeys@tmptoks=\toks28
))
\pgf@x=\dimen192
\pgf@y=\dimen193
\pgf@xa=\dimen194
\pgf@ya=\dimen195
\pgf@xb=\dimen196
\pgf@yb=\dimen197
\pgf@xc=\dimen198
\pgf@yc=\dimen199
\pgf@xd=\dimen256
\pgf@yd=\dimen257
\w@pgf@writea=\write3
\r@pgf@reada=\read2
\c@pgf@counta=\count331
\c@pgf@countb=\count332
\c@pgf@countc=\count333
\c@pgf@countd=\count334
\t@pgf@toka=\toks29
\t@pgf@tokb=\toks30
\t@pgf@tokc=\toks31
\pgf@sys@id@count=\count335
 (c:/texlive/2025/texmf-dist/tex/generic/pgf/systemlayer/pgf.cfg
File: pgf.cfg 2025-08-29 v3.1.11a (3.1.11a)
)
Driver file for pgf: pgfsys-xetex.def
 (c:/texlive/2025/texmf-dist/tex/generic/pgf/systemlayer/pgfsys-xetex.def
File: pgfsys-xetex.def 2025-08-29 v3.1.11a (3.1.11a)
 (c:/texlive/2025/texmf-dist/tex/generic/pgf/systemlayer/pgfsys-dvipdfmx.def
File: pgfsys-dvipdfmx.def 2025-08-29 v3.1.11a (3.1.11a)
 (c:/texlive/2025/texmf-dist/tex/generic/pgf/systemlayer/pgfsys-common-pdf.def
File: pgfsys-common-pdf.def 2025-08-29 v3.1.11a (3.1.11a)
)
\pgfsys@objnum=\count336
))) (c:/texlive/2025/texmf-dist/tex/generic/pgf/systemlayer/pgfsyssoftpath.code.tex
File: pgfsyssoftpath.code.tex 2025-08-29 v3.1.11a (3.1.11a)
\pgfsyssoftpath@smallbuffer@items=\count337
\pgfsyssoftpath@bigbuffer@items=\count338
) (c:/texlive/2025/texmf-dist/tex/generic/pgf/systemlayer/pgfsysprotocol.code.tex
File: pgfsysprotocol.code.tex 2025-08-29 v3.1.11a (3.1.11a)
)) (c:/texlive/2025/texmf-dist/tex/generic/pgf/basiclayer/pgfcore.code.tex
Package: pgfcore 2025-08-29 v3.1.11a (3.1.11a)
 (c:/texlive/2025/texmf-dist/tex/generic/pgf/math/pgfmath.code.tex (c:/texlive/2025/texmf-dist/tex/generic/pgf/math/pgfmathutil.code.tex) (c:/texlive/2025/texmf-dist/tex/generic/pgf/math/pgfmathparser.code.tex
\pgfmath@dimen=\dimen258
\pgfmath@count=\count339
\pgfmath@box=\box69
\pgfmath@toks=\toks32
\pgfmath@stack@operand=\toks33
\pgfmath@stack@operation=\toks34
) (c:/texlive/2025/texmf-dist/tex/generic/pgf/math/pgfmathfunctions.code.tex) (c:/texlive/2025/texmf-dist/tex/generic/pgf/math/pgfmathfunctions.basic.code.tex) (c:/texlive/2025/texmf-dist/tex/generic/pgf/math/pgfmathfunctions.trigonometric.code.tex) (c:/texlive/2025/texmf-dist/tex/generic/pgf/math/pgfmathfunctions.random.code.tex) (c:/texlive/2025/texmf-dist/tex/generic/pgf/math/pgfmathfunctions.comparison.code.tex) (c:/texlive/2025/texmf-dist/tex/generic/pgf/math/pgfmathfunctions.base.code.tex) (c:/texlive/2025/texmf-dist/tex/generic/pgf/math/pgfmathfunctions.round.code.tex) (c:/texlive/2025/texmf-dist/tex/generic/pgf/math/pgfmathfunctions.misc.code.tex) (c:/texlive/2025/texmf-dist/tex/generic/pgf/math/pgfmathfunctions.integerarithmetics.code.tex) (c:/texlive/2025/texmf-dist/tex/generic/pgf/math/pgfmathcalc.code.tex) (c:/texlive/2025/texmf-dist/tex/generic/pgf/math/pgfmathfloat.code.tex
\c@pgfmathroundto@lastzeros=\count340
)) (c:/texlive/2025/texmf-dist/tex/generic/pgf/math/pgfint.code.tex) (c:/texlive/2025/texmf-dist/tex/generic/pgf/basiclayer/pgfcorepoints.code.tex
File: pgfcorepoints.code.tex 2025-08-29 v3.1.11a (3.1.11a)
\pgf@picminx=\dimen259
\pgf@picmaxx=\dimen260
\pgf@picminy=\dimen261
\pgf@picmaxy=\dimen262
\pgf@pathminx=\dimen263
\pgf@pathmaxx=\dimen264
\pgf@pathminy=\dimen265
\pgf@pathmaxy=\dimen266
\pgf@xx=\dimen267
\pgf@xy=\dimen268
\pgf@yx=\dimen269
\pgf@yy=\dimen270
\pgf@zx=\dimen271
\pgf@zy=\dimen272
) (c:/texlive/2025/texmf-dist/tex/generic/pgf/basiclayer/pgfcorepathconstruct.code.tex
File: pgfcorepathconstruct.code.tex 2025-08-29 v3.1.11a (3.1.11a)
\pgf@path@lastx=\dimen273
\pgf@path@lasty=\dimen274
) (c:/texlive/2025/texmf-dist/tex/generic/pgf/basiclayer/pgfcorepathusage.code.tex
File: pgfcorepathusage.code.tex 2025-08-29 v3.1.11a (3.1.11a)
\pgf@shorten@end@additional=\dimen275
\pgf@shorten@start@additional=\dimen276
) (c:/texlive/2025/texmf-dist/tex/generic/pgf/basiclayer/pgfcorescopes.code.tex
File: pgfcorescopes.code.tex 2025-08-29 v3.1.11a (3.1.11a)
\pgfpic=\box70
\pgf@hbox=\box71
\pgf@layerbox@main=\box72
\pgf@picture@serial@count=\count341
) (c:/texlive/2025/texmf-dist/tex/generic/pgf/basiclayer/pgfcoregraphicstate.code.tex
File: pgfcoregraphicstate.code.tex 2025-08-29 v3.1.11a (3.1.11a)
\pgflinewidth=\dimen277
) (c:/texlive/2025/texmf-dist/tex/generic/pgf/basiclayer/pgfcoretransformations.code.tex
File: pgfcoretransformations.code.tex 2025-08-29 v3.1.11a (3.1.11a)
\pgf@pt@x=\dimen278
\pgf@pt@y=\dimen279
\pgf@pt@temp=\dimen280
) (c:/texlive/2025/texmf-dist/tex/generic/pgf/basiclayer/pgfcorequick.code.tex
File: pgfcorequick.code.tex 2025-08-29 v3.1.11a (3.1.11a)
) (c:/texlive/2025/texmf-dist/tex/generic/pgf/basiclayer/pgfcoreobjects.code.tex
File: pgfcoreobjects.code.tex 2025-08-29 v3.1.11a (3.1.11a)
) (c:/texlive/2025/texmf-dist/tex/generic/pgf/basiclayer/pgfcorepathprocessing.code.tex
File: pgfcorepathprocessing.code.tex 2025-08-29 v3.1.11a (3.1.11a)
) (c:/texlive/2025/texmf-dist/tex/generic/pgf/basiclayer/pgfcorearrows.code.tex
File: pgfcorearrows.code.tex 2025-08-29 v3.1.11a (3.1.11a)
\pgfarrowsep=\dimen281
) (c:/texlive/2025/texmf-dist/tex/generic/pgf/basiclayer/pgfcoreshade.code.tex
File: pgfcoreshade.code.tex 2025-08-29 v3.1.11a (3.1.11a)
\pgf@max=\dimen282
\pgf@sys@shading@range@num=\count342
\pgf@shadingcount=\count343
) (c:/texlive/2025/texmf-dist/tex/generic/pgf/basiclayer/pgfcoreimage.code.tex
File: pgfcoreimage.code.tex 2025-08-29 v3.1.11a (3.1.11a)
) (c:/texlive/2025/texmf-dist/tex/generic/pgf/basiclayer/pgfcoreexternal.code.tex
File: pgfcoreexternal.code.tex 2025-08-29 v3.1.11a (3.1.11a)
\pgfexternal@startupbox=\box73
) (c:/texlive/2025/texmf-dist/tex/generic/pgf/basiclayer/pgfcorelayers.code.tex
File: pgfcorelayers.code.tex 2025-08-29 v3.1.11a (3.1.11a)
) (c:/texlive/2025/texmf-dist/tex/generic/pgf/basiclayer/pgfcoretransparency.code.tex
File: pgfcoretransparency.code.tex 2025-08-29 v3.1.11a (3.1.11a)
) (c:/texlive/2025/texmf-dist/tex/generic/pgf/basiclayer/pgfcorepatterns.code.tex
File: pgfcorepatterns.code.tex 2025-08-29 v3.1.11a (3.1.11a)
) (c:/texlive/2025/texmf-dist/tex/generic/pgf/basiclayer/pgfcorerdf.code.tex
File: pgfcorerdf.code.tex 2025-08-29 v3.1.11a (3.1.11a)
))) (c:/texlive/2025/texmf-dist/tex/generic/pgf/modules/pgfmoduleshapes.code.tex
File: pgfmoduleshapes.code.tex 2025-08-29 v3.1.11a (3.1.11a)
\pgfnodeparttextbox=\box74
) (c:/texlive/2025/texmf-dist/tex/generic/pgf/modules/pgfmoduleplot.code.tex
File: pgfmoduleplot.code.tex 2025-08-29 v3.1.11a (3.1.11a)
) (c:/texlive/2025/texmf-dist/tex/latex/pgf/compatibility/pgfcomp-version-0-65.sty
Package: pgfcomp-version-0-65 2025-08-29 v3.1.11a (3.1.11a)
\pgf@nodesepstart=\dimen283
\pgf@nodesepend=\dimen284
) (c:/texlive/2025/texmf-dist/tex/latex/pgf/compatibility/pgfcomp-version-1-18.sty
Package: pgfcomp-version-1-18 2025-08-29 v3.1.11a (3.1.11a)
)) (c:/texlive/2025/texmf-dist/tex/latex/pgf/utilities/pgffor.sty (c:/texlive/2025/texmf-dist/tex/latex/pgf/utilities/pgfkeys.sty (c:/texlive/2025/texmf-dist/tex/generic/pgf/utilities/pgfkeys.code.tex)) (c:/texlive/2025/texmf-dist/tex/latex/pgf/math/pgfmath.sty (c:/texlive/2025/texmf-dist/tex/generic/pgf/math/pgfmath.code.tex)) (c:/texlive/2025/texmf-dist/tex/generic/pgf/utilities/pgffor.code.tex
Package: pgffor 2025-08-29 v3.1.11a (3.1.11a)
\pgffor@iter=\dimen285
\pgffor@skip=\dimen286
\pgffor@stack=\toks35
\pgffor@toks=\toks36
)) (c:/texlive/2025/texmf-dist/tex/generic/pgf/frontendlayer/tikz/tikz.code.tex
Package: tikz 2025-08-29 v3.1.11a (3.1.11a)
 (c:/texlive/2025/texmf-dist/tex/generic/pgf/libraries/pgflibraryplothandlers.code.tex
File: pgflibraryplothandlers.code.tex 2025-08-29 v3.1.11a (3.1.11a)
\pgf@plot@mark@count=\count344
\pgfplotmarksize=\dimen287
)
\tikz@lastx=\dimen288
\tikz@lasty=\dimen289
\tikz@lastxsaved=\dimen290
\tikz@lastysaved=\dimen291
\tikz@lastmovetox=\dimen292
\tikz@lastmovetoy=\dimen293
\tikzleveldistance=\dimen294
\tikzsiblingdistance=\dimen295
\tikz@figbox=\box75
\tikz@figbox@bg=\box76
\tikz@tempbox=\box77
\tikz@tempbox@bg=\box78
\tikztreelevel=\count345
\tikznumberofchildren=\count346
\tikznumberofcurrentchild=\count347
\tikz@fig@count=\count348
 (c:/texlive/2025/texmf-dist/tex/generic/pgf/modules/pgfmodulematrix.code.tex
File: pgfmodulematrix.code.tex 2025-08-29 v3.1.11a (3.1.11a)
\pgfmatrixcurrentrow=\count349
\pgfmatrixcurrentcolumn=\count350
\pgf@matrix@numberofcolumns=\count351
)
\tikz@expandcount=\count352
 (c:/texlive/2025/texmf-dist/tex/generic/pgf/frontendlayer/tikz/libraries/tikzlibrarytopaths.code.tex
File: tikzlibrarytopaths.code.tex 2025-08-29 v3.1.11a (3.1.11a)
))) (c:/texlive/2025/texmf-dist/tex/latex/tools/verbatim.sty
Package: verbatim 2024-01-22 v1.5x LaTeX2e package for verbatim enhancements
\every@verbatim=\toks37
\verbatim@line=\toks38
\verbatim@in@stream=\read3
) (c:/texlive/2025/texmf-dist/tex/latex/environ/environ.sty
Package: environ 2014/05/04 v0.3 A new way to define environments
 (c:/texlive/2025/texmf-dist/tex/latex/trimspaces/trimspaces.sty
Package: trimspaces 2009/09/17 v1.1 Trim spaces around a token list
)
\@envbody=\toks39
)
\tcb@titlebox=\box79
\tcb@upperbox=\box80
\tcb@lowerbox=\box81
\tcb@phantombox=\box82
\c@tcbbreakpart=\count353
\c@tcblayer=\count354
\c@tcolorbox@number=\count355
\l__tcobox_tmpa_box=\box83
\l__tcobox_tmpa_dim=\dimen296
\tcb@temp=\box84
\tcb@temp=\box85
\tcb@temp=\box86
\tcb@temp=\box87
) (c:/texlive/2025/texmf-dist/tex/latex/tcolorbox/tcbskins.code.tex
Library (tcolorbox): 'tcbskins.code.tex' version '6.9.0'
(c:/texlive/2025/texmf-dist/tex/latex/tikzfill/tikzfill.image.sty
Package: tikzfill.image 2023/08/08 v1.0.1 Image filling library for TikZ
 (c:/texlive/2025/texmf-dist/tex/latex/tikzfill/tikzfill-common.sty
Package: tikzfill-common 2023/08/08 v1.0.1 Auxiliary code for tikzfill
) (c:/texlive/2025/texmf-dist/tex/latex/tikzfill/tikzlibraryfill.image.code.tex
File: tikzlibraryfill.image.code.tex 2023/08/08 v1.0.1 Image filling library
\l__tikzfill_img_box=\box88
)) (c:/texlive/2025/texmf-dist/tex/latex/tcolorbox/tcbskinsjigsaw.code.tex
Library (tcolorbox): 'tcbskinsjigsaw.code.tex' version '6.9.0'
)) (c:/texlive/2025/texmf-dist/tex/latex/tcolorbox/tcbbreakable.code.tex
Library (tcolorbox): 'tcbbreakable.code.tex' version '6.9.0'
(c:/texlive/2025/texmf-dist/tex/latex/pdfcol/pdfcol.sty
Package: pdfcol 2022-09-21 v1.7 Handle new color stacks for pdfTeX (HO)
Package pdfcol Info: Interface disabled because of missing PDF mode of pdfTeX.
)
Package pdfcol Info: pdfTeX's color stacks are not available.
\tcb@testbox=\box89
\tcb@totalupperbox=\box90
\tcb@totallowerbox=\box91
) (c:/texlive/2025/texmf-dist/tex/latex/fancyhdr/fancyhdr.sty
Package: fancyhdr 2025/02/07 v5.2 Extensive control of page headers and footers
\f@nch@headwidth=\skip60
\f@nch@offset@elh=\skip61
\f@nch@offset@erh=\skip62
\f@nch@offset@olh=\skip63
\f@nch@offset@orh=\skip64
\f@nch@offset@elf=\skip65
\f@nch@offset@erf=\skip66
\f@nch@offset@olf=\skip67
\f@nch@offset@orf=\skip68
\f@nch@height=\skip69
\f@nch@footalignment=\skip70
\f@nch@widthL=\skip71
\f@nch@widthC=\skip72
\f@nch@widthR=\skip73
\@temptokenb=\toks40
) (c:/texlive/2025/texmf-dist/tex/latex/titlesec/titlesec.sty
Package: titlesec 2025/01/04 v2.17 Sectioning titles
\ttl@box=\box92
\beforetitleunit=\skip74
\aftertitleunit=\skip75
\ttl@plus=\dimen297
\ttl@minus=\dimen298
\ttl@toksa=\toks41
\titlewidth=\dimen299
\titlewidthlast=\dimen300
\titlewidthfirst=\dimen301
) (c:/texlive/2025/texmf-dist/tex/latex/hyperref/hyperref.sty
Package: hyperref 2026-01-29 v7.01p Hypertext links for LaTeX
 (c:/texlive/2025/texmf-dist/tex/latex/kvsetkeys/kvsetkeys.sty
Package: kvsetkeys 2022-10-05 v1.19 Key value parser (HO)
) (c:/texlive/2025/texmf-dist/tex/generic/kvdefinekeys/kvdefinekeys.sty
Package: kvdefinekeys 2019-12-19 v1.6 Define keys (HO)
) (c:/texlive/2025/texmf-dist/tex/generic/pdfescape/pdfescape.sty
Package: pdfescape 2019/12/09 v1.15 Implements pdfTeX's escape features (HO)
) (c:/texlive/2025/texmf-dist/tex/latex/hycolor/hycolor.sty
Package: hycolor 2020-01-27 v1.10 Color options for hyperref/bookmark (HO)
) (c:/texlive/2025/texmf-dist/tex/latex/hyperref/nameref.sty
Package: nameref 2026-01-29 v2.58 Cross-referencing by name of section
 (c:/texlive/2025/texmf-dist/tex/latex/refcount/refcount.sty
Package: refcount 2019/12/15 v3.6 Data extraction from label references (HO)
) (c:/texlive/2025/texmf-dist/tex/generic/gettitlestring/gettitlestring.sty
Package: gettitlestring 2019/12/15 v1.6 Cleanup title references (HO)
 (c:/texlive/2025/texmf-dist/tex/latex/kvoptions/kvoptions.sty
Package: kvoptions 2022-06-15 v3.15 Key value format for package options (HO)
))
\c@section@level=\count356
) (c:/texlive/2025/texmf-dist/tex/generic/stringenc/stringenc.sty
Package: stringenc 2019/11/29 v1.12 Convert strings between diff. encodings (HO)
)
\@linkdim=\dimen302
\Hy@linkcounter=\count357
\Hy@pagecounter=\count358
 (c:/texlive/2025/texmf-dist/tex/latex/hyperref/pd1enc.def
File: pd1enc.def 2026-01-29 v7.01p Hyperref: PDFDocEncoding definition (HO)
) (c:/texlive/2025/texmf-dist/tex/generic/intcalc/intcalc.sty
Package: intcalc 2019/12/15 v1.3 Expandable calculations with integers (HO)
)
\Hy@SavedSpaceFactor=\count359
 (c:/texlive/2025/texmf-dist/tex/latex/hyperref/puenc.def
File: puenc.def 2026-01-29 v7.01p Hyperref: PDF Unicode definition (HO)
)
Package hyperref Info: Hyper figures OFF on input line 4201.
Package hyperref Info: Link nesting OFF on input line 4206.
Package hyperref Info: Hyper index ON on input line 4209.
Package hyperref Info: Plain pages OFF on input line 4216.
Package hyperref Info: Backreferencing OFF on input line 4221.
Package hyperref Info: Implicit mode ON; LaTeX internals redefined.
Package hyperref Info: Bookmarks ON on input line 4468.
\c@Hy@tempcnt=\count360
 (c:/texlive/2025/texmf-dist/tex/latex/url/url.sty
\Urlmuskip=\muskip17
Package: url 2013/09/16  ver 3.4  Verb mode for urls, etc.
)
LaTeX Info: Redefining \url on input line 4807.
\XeTeXLinkMargin=\dimen303
 (c:/texlive/2025/texmf-dist/tex/generic/bitset/bitset.sty
Package: bitset 2019/12/09 v1.3 Handle bit-vector datatype (HO)
 (c:/texlive/2025/texmf-dist/tex/generic/bigintcalc/bigintcalc.sty
Package: bigintcalc 2019/12/15 v1.5 Expandable calculations on big integers (HO)
))
\Fld@menulength=\count361
\Field@Width=\dimen304
\Fld@charsize=\dimen305
Package hyperref Info: Hyper figures OFF on input line 6084.
Package hyperref Info: Link nesting OFF on input line 6089.
Package hyperref Info: Hyper index ON on input line 6092.
Package hyperref Info: backreferencing OFF on input line 6099.
Package hyperref Info: Link coloring OFF on input line 6104.
Package hyperref Info: Link coloring with OCG OFF on input line 6109.
Package hyperref Info: PDF/A mode OFF on input line 6114.
\Hy@abspage=\count362
\c@Item=\count363
\c@Hfootnote=\count364
)
Package hyperref Info: Driver (autodetected): hxetex.
 (c:/texlive/2025/texmf-dist/tex/latex/hyperref/hxetex.def
File: hxetex.def 2026-01-29 v7.01p Hyperref driver for XeTeX
\pdfm@box=\box93
\c@Hy@AnnotLevel=\count365
\HyField@AnnotCount=\count366
\Fld@listcount=\count367
\c@bookmark@seq@number=\count368
 (c:/texlive/2025/texmf-dist/tex/latex/rerunfilecheck/rerunfilecheck.sty
Package: rerunfilecheck 2025-06-21 v1.11 Rerun checks for auxiliary files (HO)
 (c:/texlive/2025/texmf-dist/tex/generic/uniquecounter/uniquecounter.sty
Package: uniquecounter 2019/12/15 v1.4 Provide unlimited unique counter (HO)
)
Package uniquecounter Info: New unique counter `rerunfilecheck' on input line 284.
)
\Hy@SectionHShift=\skip76
)
Package hyperref Info: Option `colorlinks' set `true' on input line 348.
 (c:/texlive/2025/texmf-dist/tex/latex/microtype/microtype.sty
Package: microtype 2025/07/09 v3.2b Micro-typographical refinements (RS)
\MT@toks=\toks42
\MT@tempbox=\box94
\MT@count=\count369
LaTeX Info: Redefining \noprotrusionifhmode on input line 1087.
LaTeX Info: Redefining \leftprotrusion on input line 1088.
\MT@prot@toks=\toks43
LaTeX Info: Redefining \rightprotrusion on input line 1107.
LaTeX Info: Redefining \textls on input line 1449.
\MT@outer@kern=\dimen306
LaTeX Info: Redefining \microtypecontext on input line 2053.
LaTeX Info: Redefining \textmicrotypecontext on input line 2070.
\MT@listname@count=\count370
 (c:/texlive/2025/texmf-dist/tex/latex/microtype/microtype-xetex.def
File: microtype-xetex.def 2025/07/09 v3.2b Definitions specific to xetex (RS)
LaTeX Info: Redefining \lsstyle on input line 443.
LaTeX Info: Redefining \lslig on input line 451.
\MT@outer@space=\skip77
)
Package microtype Info: Loading configuration file microtype.cfg.
 (c:/texlive/2025/texmf-dist/tex/latex/microtype/microtype.cfg
File: microtype.cfg 2025/07/09 v3.2b microtype main configuration file (RS)
)
LaTeX Info: Redefining \microtypesetup on input line 3065.
) (c:/texlive/2025/texmf-dist/tex/latex/setspace/setspace.sty
Package: setspace 2022/12/04 v6.7b set line spacing
) (c:/texlive/2025/texmf-dist/tex/latex/enumitem/enumitem.sty
Package: enumitem 2025/02/06 v3.11 Customized lists
\labelindent=\skip78
\enit@outerparindent=\dimen307
\enit@toks=\toks44
\enit@inbox=\box95
\enit@count@id=\count371
\enitdp@description=\count372
) (c:/texlive/2025/texmf-dist/tex/latex/amsmath/amsmath.sty
Package: amsmath 2025/07/09 v2.17z AMS math features
\@mathmargin=\skip79

For additional information on amsmath, use the `?' option.
(c:/texlive/2025/texmf-dist/tex/latex/amsmath/amsbsy.sty
Package: amsbsy 1999/11/29 v1.2d Bold Symbols
\pmbraise@=\dimen308
) (c:/texlive/2025/texmf-dist/tex/latex/amsmath/amsopn.sty
Package: amsopn 2022/04/08 v2.04 operator names
)
\inf@bad=\count373
LaTeX Info: Redefining \frac on input line 233.
\uproot@=\count374
\leftroot@=\count375
LaTeX Info: Redefining \overline on input line 398.
LaTeX Info: Redefining \colon on input line 409.
\classnum@=\count376
\DOTSCASE@=\count377
LaTeX Info: Redefining \ldots on input line 495.
LaTeX Info: Redefining \dots on input line 498.
LaTeX Info: Redefining \cdots on input line 619.
\Mathstrutbox@=\box96
\strutbox@=\box97
LaTeX Info: Redefining \big on input line 721.
LaTeX Info: Redefining \Big on input line 722.
LaTeX Info: Redefining \bigg on input line 723.
LaTeX Info: Redefining \Bigg on input line 724.
\big@size=\dimen309
LaTeX Font Info:    Redeclaring font encoding OML on input line 742.
LaTeX Font Info:    Redeclaring font encoding OMS on input line 743.
\macc@depth=\count378
LaTeX Info: Redefining \bmod on input line 904.
LaTeX Info: Redefining \pmod on input line 909.
LaTeX Info: Redefining \smash on input line 939.
LaTeX Info: Redefining \relbar on input line 969.
LaTeX Info: Redefining \Relbar on input line 970.
\c@MaxMatrixCols=\count379
\dotsspace@=\muskip18
\c@parentequation=\count380
\dspbrk@lvl=\count381
\tag@help=\toks45
\row@=\count382
\column@=\count383
\maxfields@=\count384
\andhelp@=\toks46
\eqnshift@=\dimen310
\alignsep@=\dimen311
\tagshift@=\dimen312
\tagwidth@=\dimen313
\totwidth@=\dimen314
\lineht@=\dimen315
\@envbody=\toks47
\multlinegap=\skip80
\multlinetaggap=\skip81
\mathdisplay@stack=\toks48
LaTeX Info: Redefining \[ on input line 2950.
LaTeX Info: Redefining \] on input line 2951.
) (c:/texlive/2025/texmf-dist/tex/latex/amsfonts/amssymb.sty
Package: amssymb 2013/01/14 v3.01 AMS font symbols
 (c:/texlive/2025/texmf-dist/tex/latex/amsfonts/amsfonts.sty
Package: amsfonts 2013/01/14 v3.01 Basic AMSFonts support
\symAMSa=\mathgroup4
\symAMSb=\mathgroup5
LaTeX Font Info:    Redeclaring math symbol \hbar on input line 98.
LaTeX Font Info:    Overwriting math alphabet `\mathfrak' in version `bold'
(Font)                  U/euf/m/n --> U/euf/b/n on input line 106.
)) (c:/texlive/2025/texmf-dist/tex/latex/lettrine/lettrine.sty
File: lettrine.sty 2025-12-06 v2.83 (Daniel Flipo)
\c@DefaultLines=\count385
\c@DefaultDepth=\count386
\DefaultFindent=\dimen316
\DefaultNindent=\dimen317
\DefaultSlope=\dimen318
\DiscardVskip=\dimen319
\L@lbox=\box98
\c@L@lines=\count387
\c@L@depth=\count388
\L@Pindent=\dimen320
\L@Findent=\dimen321
\L@Nindent=\dimen322
\L@lraise=\dimen323
\L@first=\dimen324
\L@next=\dimen325
\L@slope=\dimen326
\L@height=\dimen327
\L@novskip=\dimen328
\L@target@ht=\dimen329
\L@target@dp=\dimen330
\L@target@tht=\dimen331
\LettrineWidth=\dimen332
\LettrineHeight=\dimen333
\LettrineDepth=\dimen334
\L@finalht=\dimen335
\L@finaldp=\dimen336

Loading lettrine.cfg
(c:/texlive/2025/texmf-dist/tex/latex/lettrine/lettrine.cfg)
\Lettrine@tweaks=\toks49
\Llist@everypar=\toks50
) (c:/texlive/2025/texmf-dist/tex/latex/circuitikz/circuitikz.sty
Package: circuitikz 2026/02/04{} The CircuiTikz circuit drawing package version 1.8.5
 (c:/texlive/2025/texmf-dist/tex/generic/pgf/frontendlayer/tikz/libraries/tikzlibrarycalc.code.tex
File: tikzlibrarycalc.code.tex 2025-08-29 v3.1.11a (3.1.11a)
) (c:/texlive/2025/texmf-dist/tex/generic/pgf/libraries/pgflibraryarrows.meta.code.tex
File: pgflibraryarrows.meta.code.tex 2025-08-29 v3.1.11a (3.1.11a)
\pgfarrowinset=\dimen337
\pgfarrowlength=\dimen338
\pgfarrowwidth=\dimen339
\pgfarrowlinewidth=\dimen340
) (c:/texlive/2025/texmf-dist/tex/generic/pgf/frontendlayer/tikz/libraries/tikzlibrarybending.code.tex
File: tikzlibrarybending.code.tex 2025-08-29 v3.1.11a (3.1.11a)
 (c:/texlive/2025/texmf-dist/tex/generic/pgf/modules/pgfmodulebending.code.tex
File: pgfmodulebending.code.tex 2025-08-29 v3.1.11a (3.1.11a)
 (c:/texlive/2025/texmf-dist/tex/generic/pgf/modules/pgfmodulenonlineartransformations.code.tex
File: pgfmodulenonlineartransformations.code.tex 2025-08-29 v3.1.11a (3.1.11a)
\pgftransformnonlinearflatness=\dimen341
) (c:/texlive/2025/texmf-dist/tex/generic/pgf/libraries/pgflibrarycurvilinear.code.tex
File: pgflibrarycurvilinear.code.tex 2025-08-29 v3.1.11a (3.1.11a)
\pgf@curvilinear@time@a=\dimen342
\pgf@curvilinear@length@a=\dimen343
\pgf@curvilinear@length@b=\dimen344
\pgf@curvilinear@length@c=\dimen345
\pgf@curvilinear@length@d=\dimen346
)
\pgf@arrows@the@rigidity=\dimen347
)) (c:/texlive/2025/texmf-dist/tex/generic/pgf/frontendlayer/tikz/libraries/tikzlibraryfpu.code.tex (c:/texlive/2025/texmf-dist/tex/generic/pgf/libraries/pgflibraryfpu.code.tex)) (c:/texlive/2025/texmf-dist/tex/generic/circuitikz/pgfcirc.defines.tex
\pgf@circ@count@a=\count389
\pgf@circ@count@b=\count390
\pgf@circ@count@c=\count391
\pgf@circ@res@up=\dimen348
\pgf@circ@res@down=\dimen349
\pgf@circ@res@zero=\dimen350
\pgf@circ@res@left=\dimen351
\pgf@circ@res@right=\dimen352
\pgf@circ@res@other=\dimen353
\pgf@circ@res@step=\dimen354
\pgf@circ@res@temp=\dimen355
\pgf@circ@Rlen=\dimen356
\pgf@circ@scaled@Rlen=\dimen357
\pgfstartlinewidth=\dimen358
) (c:/texlive/2025/texmf-dist/tex/generic/circuitikz/pgfcircutils.tex
\ctikz@scratchbox=\box99
) (c:/texlive/2025/texmf-dist/tex/generic/circuitikz/pgfcircpath.tex
\ctikz@vif@count=\count392
) (c:/texlive/2025/texmf-dist/tex/generic/circuitikz/pgfcircshapes.tex) (c:/texlive/2025/texmf-dist/tex/generic/circuitikz/pgfcircmonopoles.tex) (c:/texlive/2025/texmf-dist/tex/generic/circuitikz/pgfcircbipoles.tex) (c:/texlive/2025/texmf-dist/tex/generic/circuitikz/pgfcirctripoles.tex
\pgf@circ@res@count=\count393
) (c:/texlive/2025/texmf-dist/tex/generic/circuitikz/pgfcircquadpoles.tex) (c:/texlive/2025/texmf-dist/tex/generic/circuitikz/pgfcircmultipoles.tex) (c:/texlive/2025/texmf-dist/tex/generic/circuitikz/pgfcirclabel.tex) (c:/texlive/2025/texmf-dist/tex/generic/circuitikz/pgfcircvoltage.tex
\pgfcirc@labelshift=\dimen359
) (c:/texlive/2025/texmf-dist/tex/generic/circuitikz/pgfcirccurrent.tex) (c:/texlive/2025/texmf-dist/tex/generic/circuitikz/pgfcircflow.tex)) (c:/texlive/2025/texmf-dist/tex/latex/psnfss/pifont.sty
Package: pifont 2020/03/25 PSNFSS-v9.3 Pi font support (SPQR) 
LaTeX Font Info:    Trying to load font information for U+pzd on input line 63.
 (c:/texlive/2025/texmf-dist/tex/latex/psnfss/upzd.fd
File: upzd.fd 2001/06/04 font definitions for U/pzd.
)
LaTeX Font Info:    Trying to load font information for U+psy on input line 64.
 (c:/texlive/2025/texmf-dist/tex/latex/psnfss/upsy.fd
File: upsy.fd 2001/06/04 font definitions for U/psy.
))
\c@steplisti=\count394
\enitdp@steplist=\count395
\enitdp@checklist=\count396
Package csquotes Info: Checking for multilingual support...
Package csquotes Info: ... found 'polyglossia' package.
Package csquotes Info: Adjusting default style.
Package csquotes Info: Redefining alias 'default' -> 'swedish'.
 (./Certifikationshandboken.aux)
\openout1 = `Certifikationshandboken.aux'.

LaTeX Font Info:    Checking defaults for OML/cmm/m/it on input line 429.
LaTeX Font Info:    ... okay on input line 429.
LaTeX Font Info:    Checking defaults for OMS/cmsy/m/n on input line 429.
LaTeX Font Info:    ... okay on input line 429.
LaTeX Font Info:    Checking defaults for OT1/cmr/m/n on input line 429.
LaTeX Font Info:    ... okay on input line 429.
LaTeX Font Info:    Checking defaults for T1/cmr/m/n on input line 429.
LaTeX Font Info:    ... okay on input line 429.
LaTeX Font Info:    Checking defaults for TS1/cmr/m/n on input line 429.
LaTeX Font Info:    ... okay on input line 429.
LaTeX Font Info:    Checking defaults for TU/lmr/m/n on input line 429.
LaTeX Font Info:    ... okay on input line 429.
LaTeX Font Info:    Checking defaults for OMX/cmex/m/n on input line 429.
LaTeX Font Info:    ... okay on input line 429.
LaTeX Font Info:    Checking defaults for U/cmr/m/n on input line 429.
LaTeX Font Info:    ... okay on input line 429.
LaTeX Font Info:    Checking defaults for PD1/pdf/m/n on input line 429.
LaTeX Font Info:    ... okay on input line 429.
LaTeX Font Info:    Checking defaults for PU/pdf/m/n on input line 429.
LaTeX Font Info:    ... okay on input line 429.

Package fontspec Info: 
(fontspec)             Adjusting the maths setup (use [no-math] to avoid
(fontspec)             this).

\symlegacymaths=\mathgroup6
LaTeX Font Info:    Overwriting symbol font `legacymaths' in version `bold'
(Font)                  OT1/cmr/m/n --> OT1/cmr/bx/n on input line 429.
LaTeX Font Info:    Redeclaring math accent \acute on input line 429.
LaTeX Font Info:    Redeclaring math accent \grave on input line 429.
LaTeX Font Info:    Redeclaring math accent \ddot on input line 429.
LaTeX Font Info:    Redeclaring math accent \tilde on input line 429.
LaTeX Font Info:    Redeclaring math accent \bar on input line 429.
LaTeX Font Info:    Redeclaring math accent \breve on input line 429.
LaTeX Font Info:    Redeclaring math accent \check on input line 429.
LaTeX Font Info:    Redeclaring math accent \hat on input line 429.
LaTeX Font Info:    Redeclaring math accent \dot on input line 429.
LaTeX Font Info:    Redeclaring math accent \mathring on input line 429.
LaTeX Font Info:    Redeclaring math symbol \Gamma on input line 429.
LaTeX Font Info:    Redeclaring math symbol \Delta on input line 429.
LaTeX Font Info:    Redeclaring math symbol \Theta on input line 429.
LaTeX Font Info:    Redeclaring math symbol \Lambda on input line 429.
LaTeX Font Info:    Redeclaring math symbol \Xi on input line 429.
LaTeX Font Info:    Redeclaring math symbol \Pi on input line 429.
LaTeX Font Info:    Redeclaring math symbol \Sigma on input line 429.
LaTeX Font Info:    Redeclaring math symbol \Upsilon on input line 429.
LaTeX Font Info:    Redeclaring math symbol \Phi on input line 429.
LaTeX Font Info:    Redeclaring math symbol \Psi on input line 429.
LaTeX Font Info:    Redeclaring math symbol \Omega on input line 429.
LaTeX Font Info:    Redeclaring math symbol \mathdollar on input line 429.
LaTeX Font Info:    Redeclaring symbol font `operators' on input line 429.
LaTeX Font Info:    Encoding `OT1' has changed to `TU' for symbol font
(Font)              `operators' in the math version `normal' on input line 429.
LaTeX Font Info:    Overwriting symbol font `operators' in version `normal'
(Font)                  OT1/cmr/m/n --> TU/SourceSerif4(0)/m/n on input line 429.
LaTeX Font Info:    Encoding `OT1' has changed to `TU' for symbol font
(Font)              `operators' in the math version `bold' on input line 429.
LaTeX Font Info:    Overwriting symbol font `operators' in version `bold'
(Font)                  OT1/cmr/bx/n --> TU/SourceSerif4(0)/m/n on input line 429.
LaTeX Font Info:    Overwriting symbol font `operators' in version `normal'
(Font)                  TU/SourceSerif4(0)/m/n --> TU/SourceSerif4(0)/m/n on input line 429.
LaTeX Font Info:    Overwriting math alphabet `\mathit' in version `normal'
(Font)                  OT1/cmr/m/it --> TU/SourceSerif4(0)/m/it on input line 429.
LaTeX Font Info:    Overwriting math alphabet `\mathbf' in version `normal'
(Font)                  OT1/cmr/bx/n --> TU/SourceSerif4(0)/b/n on input line 429.
LaTeX Font Info:    Overwriting math alphabet `\mathsf' in version `normal'
(Font)                  OT1/cmss/m/n --> TU/lmss/m/n on input line 429.
LaTeX Font Info:    Overwriting math alphabet `\mathtt' in version `normal'
(Font)                  OT1/cmtt/m/n --> TU/lmtt/m/n on input line 429.
LaTeX Font Info:    Overwriting symbol font `operators' in version `bold'
(Font)                  TU/SourceSerif4(0)/m/n --> TU/SourceSerif4(0)/b/n on input line 429.
LaTeX Font Info:    Overwriting math alphabet `\mathit' in version `bold'
(Font)                  OT1/cmr/bx/it --> TU/SourceSerif4(0)/b/it on input line 429.
LaTeX Font Info:    Overwriting math alphabet `\mathsf' in version `bold'
(Font)                  OT1/cmss/bx/n --> TU/lmss/b/n on input line 429.
LaTeX Font Info:    Overwriting math alphabet `\mathtt' in version `bold'
(Font)                  OT1/cmtt/m/n --> TU/lmtt/b/n on input line 429.
Package translations Info: no dictionary file `translations-basic-dictionary-swedish.trsl' found. on input line 429.

*geometry* driver: auto-detecting
*geometry* detected driver: xetex
*geometry* verbose mode - [ preamble ] result:
* driver: xetex
* paper: a4paper
* layout: <same size as paper>
* layoutoffset:(h,v)=(0.0pt,0.0pt)
* modes: twoside 
* h-part:(L,W,R)=(56.9055pt, 483.69687pt, 56.9055pt)
* v-part:(T,H,B)=(62.59605pt, 725.54529pt, 56.9055pt)
* \paperwidth=597.50787pt
* \paperheight=845.04684pt
* \textwidth=483.69687pt
* \textheight=725.54529pt
* \oddsidemargin=-15.36449pt
* \evensidemargin=-15.36449pt
* \topmargin=-46.00774pt
* \headheight=16.46pt
* \headsep=19.8738pt
* \topskip=11.0pt
* \footskip=27.46295pt
* \marginparwidth=106.0pt
* \marginparsep=7.0pt
* \columnsep=10.0pt
* \skip\footins=10.0pt plus 4.0pt minus 2.0pt
* \hoffset=0.0pt
* \voffset=0.0pt
* \mag=1000
* \@twocolumnfalse
* \@twosidetrue
* \@mparswitchtrue
* \@reversemarginfalse
* (1in=72.27pt=25.4mm, 1cm=28.453pt)

Package hyperref Info: Link coloring ON on input line 429.
(./Certifikationshandboken.out) (./Certifikationshandboken.out)
\@outlinefile=\write4
\openout4 = `Certifikationshandboken.out'.

LaTeX Info: Redefining \microtypecontext on input line 429.
Package microtype Info: Applying patch `item' on input line 429.
Package microtype Info: Applying patch `toc' on input line 429.
Package microtype Info: Applying patch `eqnum' on input line 429.


Package microtype Warning: Unable to apply patch `footnote' on input line 429.

Package microtype Info: Applying patch `verbatim' on input line 429.
LaTeX Info: Redefining \microtypesetup on input line 429.
Package microtype Info: Character protrusion enabled (level 2).
Package microtype Info: Using default protrusion set `alltext'.
Package microtype Info: No adjustment of tracking.
Package microtype Info: No adjustment of spacing.
Package microtype Info: No adjustment of kerning.
Package microtype Info: Loading generic protrusion settings for font family
(microtype)             `SourceSerif4' (encoding: TU).
(microtype)             For optimal results, create family-specific settings.
(microtype)             See the microtype manual for details.
Package microtype Info: Loading generic protrusion settings for font family
(microtype)             `IBMPlexMono' (encoding: TU).
(microtype)             For optimal results, create family-specific settings.
(microtype)             See the microtype manual for details.

Overfull \hbox (6.0pt too wide) in paragraph at lines 445--446
[][][][][][][] 
 []

Package microtype Info: Loading generic protrusion settings for font family
(microtype)             `Oswald' (encoding: TU).
(microtype)             For optimal results, create family-specific settings.
(microtype)             See the microtype manual for details.
LaTeX Font Info:    Trying to load font information for U+msa on input line 536.
(c:/texlive/2025/texmf-dist/tex/latex/amsfonts/umsa.fd
File: umsa.fd 2013/01/14 v3.01 AMS symbols A
) (c:/texlive/2025/texmf-dist/tex/latex/microtype/mt-msa.cfg
File: mt-msa.cfg 2006/02/04 v1.1 microtype config. file: AMS symbols (a) (RS)
)
LaTeX Font Info:    Trying to load font information for U+msb on input line 536.
 (c:/texlive/2025/texmf-dist/tex/latex/amsfonts/umsb.fd
File: umsb.fd 2013/01/14 v3.01 AMS symbols B
) (c:/texlive/2025/texmf-dist/tex/latex/microtype/mt-msb.cfg
File: mt-msb.cfg 2005/06/01 v1.0 microtype config. file: AMS symbols (b) (RS)
) (c:/texlive/2025/texmf-dist/tex/latex/microtype/mt-cmr.cfg
File: mt-cmr.cfg 2013/05/19 v2.2 microtype config. file: Computer Modern Roman (RS)
)

LaTeX Font Warning: Font shape `TU/Oswald(0)/m/it' undefined
(Font)              using `TU/Oswald(0)/m/n' instead on input line 550.

[1


]
Package lettrine.sty Info: Targeted height = 39.12553pt
(lettrine.sty)             (for loversize=0, accent excluded),
(lettrine.sty)             Lettrine height = 43.03835pt (\textcolor {orange}{D}) loversize=0.1;
(lettrine.sty)             reported on input line 566.

Overfull \hbox (9.01213pt too wide) in paragraph at lines 572--574
[]\TU/SourceSerif4(0)/m/n/10.95 Vi börjar från grunden. Vad är egentligen ström? Vad är spänning? Vad menar man med skindjup?
 []

[2

]

LaTeX Font Warning: Font shape `TU/SegoeUIEmoji(0)/b/n' undefined
(Font)              using `TU/SegoeUIEmoji(0)/m/n' instead on input line 596.

Package microtype Info: Loading generic protrusion settings for font family
(microtype)             `SegoeUIEmoji' (encoding: TU).
(microtype)             For optimal results, create family-specific settings.
(microtype)             See the microtype manual for details.

Underfull \vbox (badness 1939) has occurred while \output is active []

 [3

] [4] (./Certifikationshandboken.toc [5

]
Overfull \hbox (0.40512pt too wide) detected at line 56
 []\TU/SourceSerif4(0)/m/n/10.95 110
 []


Overfull \hbox (0.40512pt too wide) detected at line 57
 []\TU/SourceSerif4(0)/m/n/10.95 110
 []


Overfull \hbox (0.40512pt too wide) detected at line 58
 []\TU/SourceSerif4(0)/m/n/10.95 111
 []


Overfull \hbox (0.40512pt too wide) detected at line 59
 []\TU/SourceSerif4(0)/m/n/10.95 112
 []


Overfull \hbox (0.40512pt too wide) detected at line 60
 []\TU/SourceSerif4(0)/m/n/10.95 114
 []


Overfull \hbox (0.40512pt too wide) detected at line 61
 []\TU/SourceSerif4(0)/m/n/10.95 114
 []


Overfull \hbox (0.40512pt too wide) detected at line 62
 []\TU/SourceSerif4(0)/m/n/10.95 114
 []


Overfull \hbox (0.40512pt too wide) detected at line 63
 []\TU/SourceSerif4(0)/m/n/10.95 115
 []


Overfull \hbox (0.40512pt too wide) detected at line 64
 []\TU/SourceSerif4(0)/m/n/10.95 116
 []

[6]
Overfull \hbox (0.40512pt too wide) detected at line 65
 []\TU/SourceSerif4(0)/m/n/10.95 117
 []


Overfull \hbox (0.40512pt too wide) detected at line 66
 []\TU/SourceSerif4(0)/m/n/10.95 118
 []


Overfull \hbox (0.40512pt too wide) detected at line 67
 []\TU/SourceSerif4(0)/m/n/10.95 118
 []


Overfull \hbox (0.40512pt too wide) detected at line 68
 []\TU/SourceSerif4(0)/m/n/10.95 119
 []


Overfull \hbox (0.40512pt too wide) detected at line 69
 []\TU/SourceSerif4(0)/m/n/10.95 119
 []


Overfull \hbox (0.40512pt too wide) detected at line 70
 []\TU/SourceSerif4(0)/m/n/10.95 120
 []


Overfull \hbox (0.40512pt too wide) detected at line 71
 []\TU/SourceSerif4(0)/m/n/10.95 121
 []


Overfull \hbox (0.40512pt too wide) detected at line 72
 []\TU/SourceSerif4(0)/m/n/10.95 121
 []


Overfull \hbox (0.40512pt too wide) detected at line 73
 []\TU/SourceSerif4(0)/m/n/10.95 122
 []


Overfull \hbox (0.40512pt too wide) detected at line 74
 []\TU/SourceSerif4(0)/m/n/10.95 123
 []


Overfull \hbox (0.40512pt too wide) detected at line 75
 []\TU/SourceSerif4(0)/m/n/10.95 123
 []


Overfull \hbox (0.40512pt too wide) detected at line 76
 []\TU/SourceSerif4(0)/m/n/10.95 125
 []


Overfull \hbox (0.40512pt too wide) detected at line 77
 []\TU/SourceSerif4(0)/m/n/10.95 125
 []


Overfull \hbox (0.40512pt too wide) detected at line 78
 []\TU/SourceSerif4(0)/m/n/10.95 126
 []


Overfull \hbox (0.40512pt too wide) detected at line 79
 []\TU/SourceSerif4(0)/m/n/10.95 126
 []

)
\tf@toc=\write5
\openout5 = `Certifikationshandboken.toc'.



Package fancyhdr Warning: \headheight is too small (16.46pt): 
(fancyhdr)                Make it at least 16.53903pt, for example:
(fancyhdr)                \setlength{\headheight}{16.53903pt}.
(fancyhdr)                You might also make \topmargin smaller:
(fancyhdr)                \addtolength{\topmargin}{-0.07903pt}.

[7]
Kapitel 1.
Package lettrine.sty Info: Targeted height = 39.12553pt
(lettrine.sty)             (for loversize=0, accent excluded),
(lettrine.sty)             Lettrine height = 43.35953pt (\textcolor {orange}{A}) loversize=0.1;
(lettrine.sty)             reported on input line 635.
Package lettrine.sty Info: Targeted height = 22.62877pt
(lettrine.sty)             (for loversize=0, accent excluded),
(lettrine.sty)             Lettrine height = 22.62878pt (\textcolor {orange}{E});
(lettrine.sty)             reported on input line 661.

Package lettrine Warning: *** ATTENTION REQUIRED ***
(lettrine)                The dropped cap \textcolor {orange}{E} doesn't fit on page 8.
(lettrine)                Missing vertical space: 36.64464pt. 
(lettrine)                Reported on input line 661.


Underfull \vbox (badness 10000) has occurred while \output is active []

 [8

] [9]
Overfull \hbox (2.16974pt too wide) in paragraph at lines 766--766
[]|\TU/SourceSerif4(0)/m/n/10.95 Växelström|  
 []

[10]
Underfull \vbox (badness 10000) has occurred while \output is active []

 [11]
Package lettrine.sty Info: Targeted height = 22.62877pt
(lettrine.sty)             (for loversize=0, accent excluded),
(lettrine.sty)             Lettrine height = 22.62878pt (\textcolor {orange}{R});
(lettrine.sty)             reported on input line 830.

Underfull \vbox (badness 10000) has occurred while \output is active []

 [12] [13]
Missing character: There is no 
 (U+000A) in font Source Serif 4 SemiBold/OT:script=latn;language=dflt;mapping=tex-text;!
Missing character: There is no 
 (U+000A) in font Source Serif 4 SemiBold/OT:script=latn;language=dflt;mapping=tex-text;!

Underfull \vbox (badness 1248) has occurred while \output is active []

 [14] [15]
Missing character: There is no 
 (U+000A) in font Source Serif 4 SemiBold/OT:script=latn;language=dflt;mapping=tex-text;!
[16] [17] [18]
Package lettrine.sty Info: Targeted height = 22.62877pt
(lettrine.sty)             (for loversize=0, accent excluded),
(lettrine.sty)             Lettrine height = 22.62878pt (\textcolor {orange}{E});
(lettrine.sty)             reported on input line 1095.

Underfull \vbox (badness 10000) has occurred while \output is active []

 [19]
Underfull \vbox (badness 1082) has occurred while \output is active []

 [20]
Package lettrine.sty Info: Targeted height = 22.62877pt
(lettrine.sty)             (for loversize=0, accent excluded),
(lettrine.sty)             Lettrine height = 22.62878pt (\textcolor {orange}{N});
(lettrine.sty)             reported on input line 1245.

Underfull \vbox (badness 3000) has occurred while \output is active []

 [21] [22]
Underfull \vbox (badness 10000) has occurred while \output is active []

 [23]
Underfull \vbox (badness 10000) has occurred while \output is active []

 [24]
Package microtype Info: Loading generic protrusion settings for font family
(microtype)             `lmtt' (encoding: TU).
(microtype)             For optimal results, create family-specific settings.
(microtype)             See the microtype manual for details.

Underfull \vbox (badness 3861) has occurred while \output is active []

 [25]
Package lettrine.sty Info: Targeted height = 22.62877pt
(lettrine.sty)             (for loversize=0, accent excluded),
(lettrine.sty)             Lettrine height = 22.62878pt (\textcolor {orange}{E});
(lettrine.sty)             reported on input line 1477.
 [26]
Overfull \hbox (10.12012pt too wide) in paragraph at lines 1512--1522
 [] 
 []

[27]
Missing character: There is no 
 (U+000A) in font Source Serif 4 SemiBold/OT:script=latn;language=dflt;mapping=tex-text;!
Missing character: There is no 
 (U+000A) in font Source Serif 4 SemiBold/OT:script=latn;language=dflt;mapping=tex-text;!
Missing character: There is no 
 (U+000A) in font Source Serif 4 SemiBold/OT:script=latn;language=dflt;mapping=tex-text;!
[28] [29]
Overfull \hbox (19.71791pt too wide) in paragraph at lines 1722--1723
[]|\TU/SourceSerif4(0)/m/n/10.95 Störningsdämpning, 
 []


Underfull \vbox (badness 4378) has occurred while \output is active []

 [30] [31]
Underfull \vbox (badness 10000) has occurred while \output is active []

 [32] [33]
Package lettrine.sty Info: Targeted height = 22.62877pt
(lettrine.sty)             (for loversize=0, accent excluded),
(lettrine.sty)             Lettrine height = 22.62878pt (\textcolor {orange}{E});
(lettrine.sty)             reported on input line 1971.
 [34]
Overfull \hbox (43.13803pt too wide) in paragraph at lines 2033--2043
 [] 
 []

[35] [36]
Missing character: There is no 
 (U+000A) in font Source Serif 4 SemiBold/OT:script=latn;language=dflt;mapping=tex-text;!
Missing character: There is no 
 (U+000A) in font Source Serif 4 SemiBold/OT:script=latn;language=dflt;mapping=tex-text;!
Missing character: There is no 
 (U+000A) in font Source Serif 4 SemiBold/OT:script=latn;language=dflt;mapping=tex-text;!
[37]
Underfull \vbox (badness 10000) has occurred while \output is active []

 [38]
Underfull \vbox (badness 3895) has occurred while \output is active []

 [39]
Overfull \hbox (30.95027pt too wide) in paragraph at lines 2360--2361
[]|\TU/SourceSerif4(0)/m/n/10.95 Bredbandstransformator, 
 []

[40] [41]
Package lettrine.sty Info: Targeted height = 22.62877pt
(lettrine.sty)             (for loversize=0, accent excluded),
(lettrine.sty)             Lettrine height = 22.62878pt (\textcolor {orange}{D});
(lettrine.sty)             reported on input line 2489.

Underfull \vbox (badness 1990) has occurred while \output is active []

 [42] [43]
Missing character: There is no 
 (U+000A) in font Source Serif 4 SemiBold/OT:script=latn;language=dflt;mapping=tex-text;!
Missing character: There is no 
 (U+000A) in font Source Serif 4 SemiBold/OT:script=latn;language=dflt;mapping=tex-text;!
[44]
Underfull \vbox (badness 10000) has occurred while \output is active []

 [45]
Underfull \vbox (badness 10000) has occurred while \output is active []

 [46]
Underfull \vbox (badness 7963) has occurred while \output is active []

 [47]
Package lettrine.sty Info: Targeted height = 22.62877pt
(lettrine.sty)             (for loversize=0, accent excluded),
(lettrine.sty)             Lettrine height = 22.62878pt (\textcolor {orange}{I});
(lettrine.sty)             reported on input line 2912.


Package lettrine Warning: *** ATTENTION REQUIRED ***
(lettrine)                The dropped cap \textcolor {orange}{I} doesn't fit on page 48.
(lettrine)                Missing vertical space: 51.64215pt. 
(lettrine)                Reported on input line 2912.


Underfull \vbox (badness 2903) has occurred while \output is active []

 [48]
Underfull \vbox (badness 3189) has occurred while \output is active []

 [49] [50] [51]
Underfull \vbox (badness 10000) has occurred while \output is active []

 [52]
Underfull \vbox (badness 10000) has occurred while \output is active []

 [53] [54]
Missing character: There is no 
 (U+000A) in font Source Serif 4 SemiBold/OT:script=latn;language=dflt;mapping=tex-text;!

Underfull \vbox (badness 1194) has occurred while \output is active []

 [55]
Missing character: There is no 
 (U+000A) in font Source Serif 4 SemiBold/OT:script=latn;language=dflt;mapping=tex-text;!
[56]
Underfull \vbox (badness 3942) has occurred while \output is active []

 [57]
Underfull \hbox (badness 10000) in paragraph at lines 3699--3703

 []

[58] [59]

Package hyperref Warning: Token not allowed in a PDF string (Unicode):
(hyperref)                removing `\leavevmode@ifvmode' on input line 3854.


Package hyperref Warning: Token not allowed in a PDF string (Unicode):
(hyperref)                \kern 1.82538pt
(hyperref)                removed on input line 3854.


Package hyperref Warning: Token not allowed in a PDF string (Unicode):
(hyperref)                removing `math shift' on input line 3854.


Package hyperref Warning: Token not allowed in a PDF string (Unicode):
(hyperref)                removing `\Omega' on input line 3854.


Package hyperref Warning: Token not allowed in a PDF string (Unicode):
(hyperref)                removing `math shift' on input line 3854.

Missing character: There is no 
 (U+000A) in font Source Serif 4 SemiBold/OT:script=latn;language=dflt;mapping=tex-text;!
Missing character: There is no 
 (U+000A) in font Source Serif 4 SemiBold/OT:script=latn;language=dflt;mapping=tex-text;!

Underfull \vbox (badness 6001) has occurred while \output is active []

 [60]
Underfull \vbox (badness 10000) has occurred while \output is active []

 [61]
Underfull \vbox (badness 10000) has occurred while \output is active []

 [62]
Underfull \hbox (badness 10000) in paragraph at lines 4137--4145

 []


Underfull \vbox (badness 10000) has occurred while \output is active []

 [63] [64]
Package microtype Info: Loading generic protrusion settings for font family
(microtype)             `lmss' (encoding: TU).
(microtype)             For optimal results, create family-specific settings.
(microtype)             See the microtype manual for details.
LaTeX Font Info:    Calculating math sizes for size <5.5> on input line 4390.


LaTeX Font Warning: Font shape `OML/cmm/m/it' in size <5.5> not available
(Font)              size <5> substituted on input line 4390.


LaTeX Font Warning: Font shape `OML/cmm/m/it' in size <3.84998> not available
(Font)              size <5> substituted on input line 4390.


LaTeX Font Warning: Font shape `OML/cmm/m/it' in size <2.75> not available
(Font)              size <5> substituted on input line 4390.


LaTeX Font Warning: Font shape `OMS/cmsy/m/n' in size <5.5> not available
(Font)              size <5> substituted on input line 4390.


LaTeX Font Warning: Font shape `OMS/cmsy/m/n' in size <3.84998> not available
(Font)              size <5> substituted on input line 4390.


LaTeX Font Warning: Font shape `OMS/cmsy/m/n' in size <2.75> not available
(Font)              size <5> substituted on input line 4390.


LaTeX Font Warning: Font shape `OT1/cmr/m/n' in size <5.5> not available
(Font)              size <5> substituted on input line 4390.


LaTeX Font Warning: Font shape `OT1/cmr/m/n' in size <3.84998> not available
(Font)              size <5> substituted on input line 4390.


LaTeX Font Warning: Font shape `OT1/cmr/m/n' in size <2.75> not available
(Font)              size <5> substituted on input line 4390.

LaTeX Font Info:    Font shape `TU/lmss/m/it' in size <5.5> not available
(Font)              Font shape `TU/lmss/m/sl' tried instead on input line 4397.
LaTeX Font Info:    Font shape `TU/lmss/m/it' in size <10> not available
(Font)              Font shape `TU/lmss/m/sl' tried instead on input line 4397.
LaTeX Font Info:    Font shape `TU/lmss/m/it' in size <10.95> not available
(Font)              Font shape `TU/lmss/m/sl' tried instead on input line 4408.
LaTeX Font Info:    Font shape `TU/lmss/m/it' in size <6.5> not available
(Font)              Font shape `TU/lmss/m/sl' tried instead on input line 4408.
LaTeX Font Info:    Font shape `TU/lmss/m/it' in size <5> not available
(Font)              Font shape `TU/lmss/m/sl' tried instead on input line 4477.
LaTeX Font Info:    Calculating math sizes for size <4> on input line 4657.

LaTeX Font Warning: Font shape `OML/cmm/m/it' in size <4> not available
(Font)              size <5> substituted on input line 4657.


LaTeX Font Warning: Font shape `OML/cmm/m/it' in size <2.79999> not available
(Font)              size <5> substituted on input line 4657.


LaTeX Font Warning: Font shape `OML/cmm/m/it' in size <2> not available
(Font)              size <5> substituted on input line 4657.


LaTeX Font Warning: Font shape `OMS/cmsy/m/n' in size <4> not available
(Font)              size <5> substituted on input line 4657.


LaTeX Font Warning: Font shape `OMS/cmsy/m/n' in size <2.79999> not available
(Font)              size <5> substituted on input line 4657.


LaTeX Font Warning: Font shape `OMS/cmsy/m/n' in size <2> not available
(Font)              size <5> substituted on input line 4657.


LaTeX Font Warning: Font shape `OT1/cmr/m/n' in size <4> not available
(Font)              size <5> substituted on input line 4657.


LaTeX Font Warning: Font shape `OT1/cmr/m/n' in size <2.79999> not available
(Font)              size <5> substituted on input line 4657.


LaTeX Font Warning: Font shape `OT1/cmr/m/n' in size <2> not available
(Font)              size <5> substituted on input line 4657.


LaTeX Warning: `h' float specifier changed to `ht'.

Missing character: There is no ^^@ (U+0000) in font Source Serif 4 SemiBold/OT:script=latn;language=dflt;mapping=tex-text;!
Missing character: There is no ^^@ (U+0000) in font Source Serif 4 SemiBold/OT:script=latn;language=dflt;mapping=tex-text;!
Missing character: There is no ^^@ (U+0000) in font Source Serif 4 SemiBold/OT:script=latn;language=dflt;mapping=tex-text;!
Missing character: There is no ^^@ (U+0000) in font Source Serif 4 SemiBold/OT:script=latn;language=dflt;mapping=tex-text;!
Missing character: There is no ö ("F6) in font cmmi7!
Missing character: There is no å ("E5) in font cmmi7!

Underfull \vbox (badness 10000) has occurred while \output is active []

 [65]
Underfull \vbox (badness 10000) has occurred while \output is active []

 [66] [67] [68]
Underfull \vbox (badness 10000) has occurred while \output is active []

 [69]
Overfull \hbox (15.78687pt too wide) in paragraph at lines 4902--4903
[]|\TU/SourceSerif4(0)/m/n/10.95 Övertonsdämpning 
 []

LaTeX Font Info:    Font shape `TU/lmss/m/it' in size <6> not available
(Font)              Font shape `TU/lmss/m/sl' tried instead on input line 4956.

LaTeX Warning: `h' float specifier changed to `ht'.


Underfull \vbox (badness 10000) has occurred while \output is active []

 [70]
LaTeX Font Info:    Font shape `TU/lmss/m/it' in size <4.5> not available
(Font)              Font shape `TU/lmss/m/sl' tried instead on input line 5366.
LaTeX Font Info:    Calculating math sizes for size <4.5> on input line 5384.


LaTeX Font Warning: Font shape `OML/cmm/m/it' in size <4.5> not available
(Font)              size <5> substituted on input line 5384.


LaTeX Font Warning: Font shape `OML/cmm/m/it' in size <3.14998> not available
(Font)              size <5> substituted on input line 5384.


LaTeX Font Warning: Font shape `OML/cmm/m/it' in size <2.25> not available
(Font)              size <5> substituted on input line 5384.


LaTeX Font Warning: Font shape `OMS/cmsy/m/n' in size <4.5> not available
(Font)              size <5> substituted on input line 5384.


LaTeX Font Warning: Font shape `OMS/cmsy/m/n' in size <3.14998> not available
(Font)              size <5> substituted on input line 5384.


LaTeX Font Warning: Font shape `OMS/cmsy/m/n' in size <2.25> not available
(Font)              size <5> substituted on input line 5384.


LaTeX Font Warning: Font shape `OT1/cmr/m/n' in size <4.5> not available
(Font)              size <5> substituted on input line 5384.


LaTeX Font Warning: Font shape `OT1/cmr/m/n' in size <3.14998> not available
(Font)              size <5> substituted on input line 5384.


LaTeX Font Warning: Font shape `OT1/cmr/m/n' in size <2.25> not available
(Font)              size <5> substituted on input line 5384.


LaTeX Warning: `h' float specifier changed to `ht'.


Overfull \hbox (3.59421pt too wide) in paragraph at lines 5482--5486
\TU/SourceSerif4(0)/m/n/10.95 per oktav och så vidare. Pi-filtret efter ett slutsteg är typiskt tredje ordningen och ger 18 dB/oktav,
 []


LaTeX Warning: `h' float specifier changed to `ht'.

[71]
Underfull \vbox (badness 10000) has occurred while \output is active []

 [72]
Underfull \vbox (badness 10000) has occurred while \output is active []

 [73]

LaTeX Warning: `h' float specifier changed to `ht'.

[74]
Underfull \vbox (badness 10000) has occurred while \output is active []

 [75]
LaTeX Font Info:    Calculating math sizes for size <10.5> on input line 6171.


LaTeX Font Warning: Font shape `OML/cmm/m/it' in size <10.5> not available
(Font)              size <10.95> substituted on input line 6171.


LaTeX Font Warning: Font shape `OMS/cmsy/m/n' in size <10.5> not available
(Font)              size <10.95> substituted on input line 6171.


LaTeX Font Warning: Font shape `OT1/cmr/m/n' in size <10.5> not available
(Font)              size <10.95> substituted on input line 6171.

LaTeX Font Info:    Calculating math sizes for size <8.5> on input line 6264.

LaTeX Font Warning: Font shape `OML/cmm/m/it' in size <8.5> not available
(Font)              size <8> substituted on input line 6264.


LaTeX Font Warning: Font shape `OML/cmm/m/it' in size <4.25> not available
(Font)              size <5> substituted on input line 6264.


LaTeX Font Warning: Font shape `OMS/cmsy/m/n' in size <8.5> not available
(Font)              size <8> substituted on input line 6264.


LaTeX Font Warning: Font shape `OMS/cmsy/m/n' in size <4.25> not available
(Font)              size <5> substituted on input line 6264.


LaTeX Font Warning: Font shape `OT1/cmr/m/n' in size <8.5> not available
(Font)              size <8> substituted on input line 6264.


LaTeX Font Warning: Font shape `OT1/cmr/m/n' in size <4.25> not available
(Font)              size <5> substituted on input line 6264.

LaTeX Font Info:    Calculating math sizes for size <9.5> on input line 6277.

LaTeX Font Warning: Font shape `OML/cmm/m/it' in size <9.5> not available
(Font)              size <9> substituted on input line 6277.


LaTeX Font Warning: Font shape `OMS/cmsy/m/n' in size <9.5> not available
(Font)              size <9> substituted on input line 6277.


LaTeX Font Warning: Font shape `OT1/cmr/m/n' in size <9.5> not available
(Font)              size <9> substituted on input line 6277.

[76]
Underfull \vbox (badness 10000) has occurred while \output is active []

 [77]
Underfull \vbox (badness 3713) has occurred while \output is active []

 [78]
Package lettrine.sty Info: Targeted height = 22.62877pt
(lettrine.sty)             (for loversize=0, accent excluded),
(lettrine.sty)             Lettrine height = 22.62878pt (\textcolor {orange}{H});
(lettrine.sty)             reported on input line 6561.


Package lettrine Warning: *** ATTENTION REQUIRED ***
(lettrine)                The dropped cap \textcolor {orange}{H} doesn't fit on page 79.
(lettrine)                Missing vertical space: 25.95892pt. 
(lettrine)                Reported on input line 6561.


Underfull \vbox (badness 10000) has occurred while \output is active []

 [79] (c:/texlive/2025/texmf-dist/tex/generic/pgf/frontendlayer/tikz/libraries/tikzlibrarypositioning.code.tex
File: tikzlibrarypositioning.code.tex 2025-08-29 v3.1.11a (3.1.11a)
) (c:/texlive/2025/texmf-dist/tex/generic/pgf/frontendlayer/tikz/libraries/tikzlibraryshapes.geometric.code.tex
File: tikzlibraryshapes.geometric.code.tex 2025-08-29 v3.1.11a (3.1.11a)
 (c:/texlive/2025/texmf-dist/tex/generic/pgf/libraries/shapes/pgflibraryshapes.geometric.code.tex
File: pgflibraryshapes.geometric.code.tex 2025-08-29 v3.1.11a (3.1.11a)
))
LaTeX Font Info:    Font shape `TU/lmss/m/it' in size <9> not available
(Font)              Font shape `TU/lmss/m/sl' tried instead on input line 6707.

Overfull \hbox (182.12231pt too wide) in paragraph at lines 6709--6710
[][] 
 []


Underfull \vbox (badness 10000) has occurred while \output is active []

 [80] [81]
Underfull \vbox (badness 10000) has occurred while \output is active []

 [82] [83] [84] [85]
Underfull \vbox (badness 10000) has occurred while \output is active []

 [86]
Underfull \vbox (badness 10000) has occurred while \output is active []

 [87]
Underfull \vbox (badness 10000) has occurred while \output is active []

 [88] [89]
Underfull \vbox (badness 10000) has occurred while \output is active []

 [90

]
Missing character: There is no 
 (U+000A) in font Source Serif 4 SemiBold/OT:script=latn;language=dflt;mapping=tex-text;!

Underfull \vbox (badness 10000) has occurred while \output is active []

 [91] [92] [93]
Underfull \vbox (badness 10000) has occurred while \output is active []

 [94]
Missing character: There is no ä ("E4) in font cmmi8!

Underfull \vbox (badness 10000) has occurred while \output is active []

 [95]
Missing character: There is no 
 (U+000A) in font Source Serif 4 SemiBold/OT:script=latn;language=dflt;mapping=tex-text;!
Missing character: There is no 
 (U+000A) in font Source Serif 4 SemiBold/OT:script=latn;language=dflt;mapping=tex-text;!
Missing character: There is no 
 (U+000A) in font Source Serif 4 SemiBold/OT:script=latn;language=dflt;mapping=tex-text;!
Missing character: There is no 
 (U+000A) in font Source Serif 4 SemiBold/OT:script=latn;language=dflt;mapping=tex-text;!

Underfull \vbox (badness 10000) has occurred while \output is active []

 [96] [97]
Missing character: There is no 
 (U+000A) in font Source Serif 4 SemiBold/OT:script=latn;language=dflt;mapping=tex-text;!
Missing character: There is no 
 (U+000A) in font Source Serif 4 SemiBold/OT:script=latn;language=dflt;mapping=tex-text;!
Missing character: There is no 
 (U+000A) in font Source Serif 4 SemiBold/OT:script=latn;language=dflt;mapping=tex-text;!

Underfull \vbox (badness 1789) has occurred while \output is active []

 [98] [99]
Missing character: There is no 
 (U+000A) in font Source Serif 4 SemiBold/OT:script=latn;language=dflt;mapping=tex-text;!
Missing character: There is no 
 (U+000A) in font Source Serif 4 SemiBold/OT:script=latn;language=dflt;mapping=tex-text;!

Underfull \vbox (badness 6592) has occurred while \output is active []

 [100]
Missing character: There is no 
 (U+000A) in font Source Serif 4 SemiBold/OT:script=latn;language=dflt;mapping=tex-text;!
Missing character: There is no 
 (U+000A) in font Source Serif 4 SemiBold/OT:script=latn;language=dflt;mapping=tex-text;!

Underfull \vbox (badness 10000) has occurred while \output is active []

 [101] [102] [103]
Missing character: There is no 
 (U+000A) in font Source Serif 4 SemiBold/OT:script=latn;language=dflt;mapping=tex-text;!

Underfull \hbox (badness 10000) in paragraph at lines 8073--8075

 []


Underfull \hbox (badness 10000) in paragraph at lines 8107--8109

 []


Underfull \vbox (badness 10000) has occurred while \output is active []

 [104]
Underfull \vbox (badness 10000) has occurred while \output is active []

 [105]
Underfull \vbox (badness 10000) has occurred while \output is active []

 [106]
Underfull \vbox (badness 10000) has occurred while \output is active []

 [107]
Underfull \vbox (badness 10000) has occurred while \output is active []

 [108] [109]
Kapitel 2.
Package lettrine.sty Info: Targeted height = 22.62877pt
(lettrine.sty)             (for loversize=0, accent excluded),
(lettrine.sty)             Lettrine height = 22.62878pt (\textcolor {orange}{R});
(lettrine.sty)             reported on input line 8393.

Underfull \vbox (badness 1939) has occurred while \output is active []

 [110

]

Package hyperref Warning: Token not allowed in a PDF string (Unicode):
(hyperref)                removing `math shift' on input line 8500.


Package hyperref Warning: Token not allowed in a PDF string (Unicode):
(hyperref)                removing `\lambda' on input line 8500.


Package hyperref Warning: Token not allowed in a PDF string (Unicode):
(hyperref)                removing `math shift' on input line 8500.

[111]
Underfull \vbox (badness 10000) has occurred while \output is active []

 [112] [113] [114]
Underfull \vbox (badness 10000) has occurred while \output is active []

 [115] [116] [117] [118] [119]

Package pgf Warning: Returning node center instead of a point on node border. Did you specify a point identical to the center of node ``div''? on input line 9057.

[120] [121]
Underfull \hbox (badness 1424) in paragraph at lines 9313--9313
[]\TU/SourceSerif4(0)/m/n/10.95 Figur 2.5: []Superheterodynmottagarens blockschema. Preselektor-filtret dämpar spegelfre-
 []


Underfull \vbox (badness 10000) has occurred while \output is active []

 [122]
Underfull \vbox (badness 1052) has occurred while \output is active []

 [123]
Underfull \vbox (badness 10000) has occurred while \output is active []

 [124]
Underfull \vbox (badness 10000) has occurred while \output is active []

 [125] [126]
Underfull \vbox (badness 10000) has occurred while \output is active []

 [127

]
Underfull \vbox (badness 10000) has occurred while \output is active []

 [128] [129]
Kapitel 3.
[130

]
Kapitel 4.
[131

]
Kapitel 5.
[132

]
Kapitel 6.
[133

]
Kapitel 7.
[134

]
Kapitel 8.
[135

]
Kapitel 9.
[136

]
Kapitel 10.
[137

] (./Certifikationshandboken.aux)
 ***********
LaTeX2e <2025-11-01>
L3 programming layer <2026-01-19>
 ***********


LaTeX Font Warning: Size substitutions with differences
(Font)              up to 3.0pt have occurred.


LaTeX Font Warning: Some font shapes were not available, defaults substituted.

Package rerunfilecheck Info: File `Certifikationshandboken.out' has not changed.
(rerunfilecheck)             Checksum: 96A3388043358824AF6514D591148FBA;15362.
 ) 
Here is how much of TeX's memory you used:
 57633 strings out of 468174
 1417503 string characters out of 5436827
 2201370 words of memory out of 5000000
 85625 multiletter control sequences out of 15000+600000
 653707 words of font info for 290 fonts, out of 8000000 for 9000
 1348 hyphenation exceptions out of 8191
 98i,14n,108p,1069b,1405s stack positions out of 10000i,1000n,20000p,200000b,200000s

Output written on Certifikationshandboken.pdf (137 pages).
